2025-11-05 01:21:12,072 - httpx - INFO - HTTP Request: POST https://api.telegram.org/bot8268927761:AAFjsbNY4xlrczSjgWeY5jqeM6yGSjOoook/getMe "HTTP/1.1 200 OK"
2025-11-05 01:21:12,252 - httpx - INFO - HTTP Request: POST https://api.telegram.org/bot8268927761:AAFjsbNY4xlrczSjgWeY5jqeM6yGSjOoook/deleteWebhook "HTTP/1.1 200 OK"
2025-11-05 01:21:12,253 - telegram.ext.Application - INFO - Application started
2025-11-05 01:21:13,067 - httpx - INFO - HTTP Request: POST https://api.telegram.org/bot8268927761:AAFjsbNY4xlrczSjgWeY5jqeM6yGSjOoook/getUpdates "HTTP/1.1 200 OK"
2025-11-05 01:21:13,465 - httpx - INFO - HTTP Request: POST https://api.telegram.org/bot8268927761:AAFjsbNY4xlrczSjgWeY5jqeM6yGSjOoook/sendMessage "HTTP/1.1 200 OK"
2025-11-05 01:21:13,962 - httpx - INFO - HTTP Request: POST https://api.telegram.org/bot8268927761:AAFjsbNY4xlrczSjgWeY5jqeM6yGSjOoook/sendMessage "HTTP/1.1 200 OK"
2025-11-05 01:21:22,344 - httpx - INFO - HTTP Request: POST https://api.telegram.org/bot8268927761:AAFjsbNY4xlrczSjgWeY5jqeM6yGSjOoook/getUpdates "HTTP/1.1 200 OK"
2025-11-05 01:21:23,385 - httpx - INFO - HTTP Request: POST https://api.telegram.org/bot8268927761:AAFjsbNY4xlrczSjgWeY5jqeM6yGSjOoook/sendMessage "HTTP/1.1 200 OK"
2025-11-05 01:21:32,525 - httpx - INFO - HTTP Request: POST https://api.telegram.org/bot8268927761:AAFjsbNY4xlrczSjgWeY5jqeM6yGSjOoook/getUpdates "HTTP/1.1 200 OK"
2025-11-05 01:21:34,569 - httpx - INFO - HTTP Request: POST https://api.telegram.org/bot8268927761:AAFjsbNY4xlrczSjgWeY5jqeM6yGSjOoook/getUpdates "HTTP/1.1 200 OK"
2025-11-05 01:21:35,124 - httpx - INFO - HTTP Request: POST https://api.telegram.org/bot8268927761:AAFjsbNY4xlrczSjgWeY5jqeM6yGSjOoook/getUpdates "HTTP/1.1 200 OK"
2025-11-05 01:21:35,451 - httpx - INFO - HTTP Request: POST https://api.telegram.org/bot8268927761:AAFjsbNY4xlrczSjgWeY5jqeM6yGSjOoook/getFile "HTTP/1.1 200 OK"
2025-11-05 01:21:35,876 - httpx - INFO - HTTP Request: GET https://api.telegram.org/file/bot8268927761%3AAAFjsbNY4xlrczSjgWeY5jqeM6yGSjOoook/photos/file_54.jpg "HTTP/1.1 200 OK"
2025-11-05 01:21:36,762 - httpx - INFO - HTTP Request: POST https://api.telegram.org/bot8268927761:AAFjsbNY4xlrczSjgWeY5jqeM6yGSjOoook/sendMessage "HTTP/1.1 200 OK"
2025-11-05 01:21:36,949 - httpx - INFO - HTTP Request: POST https://api.telegram.org/bot8268927761:AAFjsbNY4xlrczSjgWeY5jqeM6yGSjOoook/getFile "HTTP/1.1 200 OK"
2025-11-05 01:21:37,163 - httpx - INFO - HTTP Request: GET https://api.telegram.org/file/bot8268927761%3AAAFjsbNY4xlrczSjgWeY5jqeM6yGSjOoook/photos/file_55.jpg "HTTP/1.1 200 OK"
2025-11-05 01:21:37,624 - httpx - INFO - HTTP Request: POST https://api.telegram.org/bot8268927761:AAFjsbNY4xlrczSjgWeY5jqeM6yGSjOoook/sendMessage "HTTP/1.1 200 OK"
2025-11-05 01:21:37,806 - httpx - INFO - HTTP Request: POST https://api.telegram.org/bot8268927761:AAFjsbNY4xlrczSjgWeY5jqeM6yGSjOoook/getFile "HTTP/1.1 200 OK"
2025-11-05 01:21:38,000 - httpx - INFO - HTTP Request: GET https://api.telegram.org/file/bot8268927761%3AAAFjsbNY4xlrczSjgWeY5jqeM6yGSjOoook/photos/file_56.jpg "HTTP/1.1 200 OK"
2025-11-05 01:21:38,614 - httpx - INFO - HTTP Request: POST https://api.telegram.org/bot8268927761:AAFjsbNY4xlrczSjgWeY5jqeM6yGSjOoook/sendMessage "HTTP/1.1 200 OK"
2025-11-05 01:21:38,799 - httpx - INFO - HTTP Request: POST https://api.telegram.org/bot8268927761:AAFjsbNY4xlrczSjgWeY5jqeM6yGSjOoook/getFile "HTTP/1.1 200 OK"
2025-11-05 01:21:39,052 - httpx - INFO - HTTP Request: GET https://api.telegram.org/file/bot8268927761%3AAAFjsbNY4xlrczSjgWeY5jqeM6yGSjOoook/photos/file_57.jpg "HTTP/1.1 200 OK"
2025-11-05 01:21:39,663 - httpx - INFO - HTTP Request: POST https://api.telegram.org/bot8268927761:AAFjsbNY4xlrczSjgWeY5jqeM6yGSjOoook/sendMessage "HTTP/1.1 200 OK"
2025-11-05 01:21:39,849 - httpx - INFO - HTTP Request: POST https://api.telegram.org/bot8268927761:AAFjsbNY4xlrczSjgWeY5jqeM6yGSjOoook/getFile "HTTP/1.1 200 OK"
2025-11-05 01:21:40,041 - httpx - INFO - HTTP Request: GET https://api.telegram.org/file/bot8268927761%3AAAFjsbNY4xlrczSjgWeY5jqeM6yGSjOoook/photos/file_58.jpg "HTTP/1.1 200 OK"
2025-11-05 01:21:40,680 - httpx - INFO - HTTP Request: POST https://api.telegram.org/bot8268927761:AAFjsbNY4xlrczSjgWeY5jqeM6yGSjOoook/sendMessage "HTTP/1.1 200 OK"
2025-11-05 01:21:40,865 - httpx - INFO - HTTP Request: POST https://api.telegram.org/bot8268927761:AAFjsbNY4xlrczSjgWeY5jqeM6yGSjOoook/getFile "HTTP/1.1 200 OK"
2025-11-05 01:21:41,054 - httpx - INFO - HTTP Request: GET https://api.telegram.org/file/bot8268927761%3AAAFjsbNY4xlrczSjgWeY5jqeM6yGSjOoook/photos/file_59.jpg "HTTP/1.1 200 OK"
2025-11-05 01:21:41,666 - httpx - INFO - HTTP Request: POST https://api.telegram.org/bot8268927761:AAFjsbNY4xlrczSjgWeY5jqeM6yGSjOoook/sendMessage "HTTP/1.1 200 OK"
2025-11-05 01:21:41,853 - httpx - INFO - HTTP Request: POST https://api.telegram.org/bot8268927761:AAFjsbNY4xlrczSjgWeY5jqeM6yGSjOoook/getFile "HTTP/1.1 200 OK"
2025-11-05 01:21:42,044 - httpx - INFO - HTTP Request: GET https://api.telegram.org/file/bot8268927761%3AAAFjsbNY4xlrczSjgWeY5jqeM6yGSjOoook/photos/file_60.jpg "HTTP/1.1 200 OK"
2025-11-05 01:21:42,640 - httpx - INFO - HTTP Request: POST https://api.telegram.org/bot8268927761:AAFjsbNY4xlrczSjgWeY5jqeM6yGSjOoook/sendMessage "HTTP/1.1 200 OK"
2025-11-05 01:21:43,534 - httpx - INFO - HTTP Request: POST https://api.telegram.org/bot8268927761:AAFjsbNY4xlrczSjgWeY5jqeM6yGSjOoook/getFile "HTTP/1.1 200 OK"
2025-11-05 01:21:43,901 - httpx - INFO - HTTP Request: GET https://api.telegram.org/file/bot8268927761%3AAAFjsbNY4xlrczSjgWeY5jqeM6yGSjOoook/photos/file_61.jpg "HTTP/1.1 200 OK"
2025-11-05 01:21:44,320 - httpx - INFO - HTTP Request: POST https://api.telegram.org/bot8268927761:AAFjsbNY4xlrczSjgWeY5jqeM6yGSjOoook/sendMessage "HTTP/1.1 200 OK"
2025-11-05 01:21:45,315 - httpx - INFO - HTTP Request: POST https://api.telegram.org/bot8268927761:AAFjsbNY4xlrczSjgWeY5jqeM6yGSjOoook/getUpdates "HTTP/1.1 200 OK"
2025-11-05 01:21:45,568 - httpx - INFO - HTTP Request: POST https://api.telegram.org/bot8268927761:AAFjsbNY4xlrczSjgWeY5jqeM6yGSjOoook/getFile "HTTP/1.1 200 OK"
2025-11-05 01:21:45,935 - httpx - INFO - HTTP Request: GET https://api.telegram.org/file/bot8268927761%3AAAFjsbNY4xlrczSjgWeY5jqeM6yGSjOoook/photos/file_62.jpg "HTTP/1.1 200 OK"
2025-11-05 01:21:46,722 - httpx - INFO - HTTP Request: POST https://api.telegram.org/bot8268927761:AAFjsbNY4xlrczSjgWeY5jqeM6yGSjOoook/sendMessage "HTTP/1.1 200 OK"
2025-11-05 01:21:47,384 - httpx - INFO - HTTP Request: POST https://api.telegram.org/bot8268927761:AAFjsbNY4xlrczSjgWeY5jqeM6yGSjOoook/getFile "HTTP/1.1 200 OK"
2025-11-05 01:21:47,575 - httpx - INFO - HTTP Request: GET https://api.telegram.org/file/bot8268927761%3AAAFjsbNY4xlrczSjgWeY5jqeM6yGSjOoook/photos/file_63.jpg "HTTP/1.1 200 OK"
2025-11-05 01:21:48,519 - httpx - INFO - HTTP Request: POST https://api.telegram.org/bot8268927761:AAFjsbNY4xlrczSjgWeY5jqeM6yGSjOoook/sendMessage "HTTP/1.1 200 OK"
2025-11-05 01:21:49,641 - httpx - INFO - HTTP Request: POST https://api.telegram.org/bot8268927761:AAFjsbNY4xlrczSjgWeY5jqeM6yGSjOoook/getFile "HTTP/1.1 200 OK"
2025-11-05 01:21:50,007 - httpx - INFO - HTTP Request: GET https://api.telegram.org/file/bot8268927761%3AAAFjsbNY4xlrczSjgWeY5jqeM6yGSjOoook/photos/file_64.jpg "HTTP/1.1 200 OK"
2025-11-05 01:21:50,799 - httpx - INFO - HTTP Request: POST https://api.telegram.org/bot8268927761:AAFjsbNY4xlrczSjgWeY5jqeM6yGSjOoook/sendMessage "HTTP/1.1 200 OK"
2025-11-05 01:21:51,314 - httpx - INFO - HTTP Request: POST https://api.telegram.org/bot8268927761:AAFjsbNY4xlrczSjgWeY5jqeM6yGSjOoook/getFile "HTTP/1.1 200 OK"
2025-11-05 01:21:51,499 - httpx - INFO - HTTP Request: GET https://api.telegram.org/file/bot8268927761%3AAAFjsbNY4xlrczSjgWeY5jqeM6yGSjOoook/photos/file_65.jpg "HTTP/1.1 200 OK"
2025-11-05 01:21:52,273 - httpx - INFO - HTTP Request: POST https://api.telegram.org/bot8268927761:AAFjsbNY4xlrczSjgWeY5jqeM6yGSjOoook/sendMessage "HTTP/1.1 200 OK"
2025-11-05 01:21:52,842 - httpx - INFO - HTTP Request: POST https://api.telegram.org/bot8268927761:AAFjsbNY4xlrczSjgWeY5jqeM6yGSjOoook/getFile "HTTP/1.1 200 OK"
2025-11-05 01:21:53,026 - httpx - INFO - HTTP Request: GET https://api.telegram.org/file/bot8268927761%3AAAFjsbNY4xlrczSjgWeY5jqeM6yGSjOoook/photos/file_66.jpg "HTTP/1.1 200 OK"
2025-11-05 01:21:54,001 - httpx - INFO - HTTP Request: POST https://api.telegram.org/bot8268927761:AAFjsbNY4xlrczSjgWeY5jqeM6yGSjOoook/sendMessage "HTTP/1.1 200 OK"
2025-11-05 01:21:54,741 - httpx - INFO - HTTP Request: POST https://api.telegram.org/bot8268927761:AAFjsbNY4xlrczSjgWeY5jqeM6yGSjOoook/getFile "HTTP/1.1 200 OK"
2025-11-05 01:21:54,929 - httpx - INFO - HTTP Request: GET https://api.telegram.org/file/bot8268927761%3AAAFjsbNY4xlrczSjgWeY5jqeM6yGSjOoook/photos/file_67.jpg "HTTP/1.1 200 OK"
2025-11-05 01:21:55,494 - httpx - INFO - HTTP Request: POST https://api.telegram.org/bot8268927761:AAFjsbNY4xlrczSjgWeY5jqeM6yGSjOoook/getUpdates "HTTP/1.1 200 OK"
2025-11-05 01:21:55,688 - httpx - INFO - HTTP Request: POST https://api.telegram.org/bot8268927761:AAFjsbNY4xlrczSjgWeY5jqeM6yGSjOoook/sendMessage "HTTP/1.1 200 OK"
2025-11-05 01:21:56,210 - httpx - INFO - HTTP Request: POST https://api.telegram.org/bot8268927761:AAFjsbNY4xlrczSjgWeY5jqeM6yGSjOoook/getFile "HTTP/1.1 200 OK"
2025-11-05 01:21:56,393 - httpx - INFO - HTTP Request: GET https://api.telegram.org/file/bot8268927761%3AAAFjsbNY4xlrczSjgWeY5jqeM6yGSjOoook/photos/file_68.jpg "HTTP/1.1 200 OK"
2025-11-05 01:21:57,174 - httpx - INFO - HTTP Request: POST https://api.telegram.org/bot8268927761:AAFjsbNY4xlrczSjgWeY5jqeM6yGSjOoook/sendMessage "HTTP/1.1 200 OK"
2025-11-05 01:21:57,754 - httpx - INFO - HTTP Request: POST https://api.telegram.org/bot8268927761:AAFjsbNY4xlrczSjgWeY5jqeM6yGSjOoook/getFile "HTTP/1.1 200 OK"
2025-11-05 01:21:57,943 - httpx - INFO - HTTP Request: GET https://api.telegram.org/file/bot8268927761%3AAAFjsbNY4xlrczSjgWeY5jqeM6yGSjOoook/photos/file_69.jpg "HTTP/1.1 200 OK"
2025-11-05 01:21:58,943 - httpx - INFO - HTTP Request: POST https://api.telegram.org/bot8268927761:AAFjsbNY4xlrczSjgWeY5jqeM6yGSjOoook/sendMessage "HTTP/1.1 200 OK"
2025-11-05 01:21:59,467 - httpx - INFO - HTTP Request: POST https://api.telegram.org/bot8268927761:AAFjsbNY4xlrczSjgWeY5jqeM6yGSjOoook/getFile "HTTP/1.1 200 OK"
2025-11-05 01:21:59,652 - httpx - INFO - HTTP Request: GET https://api.telegram.org/file/bot8268927761%3AAAFjsbNY4xlrczSjgWeY5jqeM6yGSjOoook/photos/file_70.jpg "HTTP/1.1 200 OK"
2025-11-05 01:22:00,614 - httpx - INFO - HTTP Request: POST https://api.telegram.org/bot8268927761:AAFjsbNY4xlrczSjgWeY5jqeM6yGSjOoook/sendMessage "HTTP/1.1 200 OK"
2025-11-05 01:22:01,128 - httpx - INFO - HTTP Request: POST https://api.telegram.org/bot8268927761:AAFjsbNY4xlrczSjgWeY5jqeM6yGSjOoook/getFile "HTTP/1.1 200 OK"
2025-11-05 01:22:01,323 - httpx - INFO - HTTP Request: GET https://api.telegram.org/file/bot8268927761%3AAAFjsbNY4xlrczSjgWeY5jqeM6yGSjOoook/photos/file_71.jpg "HTTP/1.1 200 OK"
2025-11-05 01:22:02,130 - httpx - INFO - HTTP Request: POST https://api.telegram.org/bot8268927761:AAFjsbNY4xlrczSjgWeY5jqeM6yGSjOoook/sendMessage "HTTP/1.1 200 OK"
2025-11-05 01:22:05,673 - httpx - INFO - HTTP Request: POST https://api.telegram.org/bot8268927761:AAFjsbNY4xlrczSjgWeY5jqeM6yGSjOoook/getUpdates "HTTP/1.1 200 OK"
2025-11-05 01:22:07,328 - httpx - INFO - HTTP Request: POST https://api.telegram.org/bot8268927761:AAFjsbNY4xlrczSjgWeY5jqeM6yGSjOoook/getUpdates "HTTP/1.1 200 OK"
2025-11-05 01:22:08,386 - httpx - INFO - HTTP Request: POST https://api.telegram.org/bot8268927761:AAFjsbNY4xlrczSjgWeY5jqeM6yGSjOoook/sendMessage "HTTP/1.1 200 OK"
2025-11-05 01:22:14,975 - httpx - INFO - HTTP Request: POST https://api.telegram.org/bot8268927761:AAFjsbNY4xlrczSjgWeY5jqeM6yGSjOoook/sendDocument "HTTP/1.1 200 OK"
2025-11-05 01:22:17,525 - httpx - INFO - HTTP Request: POST https://api.telegram.org/bot8268927761:AAFjsbNY4xlrczSjgWeY5jqeM6yGSjOoook/getUpdates "HTTP/1.1 200 OK"
2025-11-05 01:22:27,704 - httpx - INFO - HTTP Request: POST https://api.telegram.org/bot8268927761:AAFjsbNY4xlrczSjgWeY5jqeM6yGSjOoook/getUpdates "HTTP/1.1 200 OK"
2025-11-05 01:22:37,884 - httpx - INFO - HTTP Request: POST https://api.telegram.org/bot8268927761:AAFjsbNY4xlrczSjgWeY5jqeM6yGSjOoook/getUpdates "HTTP/1.1 200 OK"
2025-11-05 01:22:48,065 - httpx - INFO - HTTP Request: POST https://api.telegram.org/bot8268927761:AAFjsbNY4xlrczSjgWeY5jqeM6yGSjOoook/getUpdates "HTTP/1.1 200 OK"
2025-11-05 01:22:58,245 - httpx - INFO - HTTP Request: POST https://api.telegram.org/bot8268927761:AAFjsbNY4xlrczSjgWeY5jqeM6yGSjOoook/getUpdates "HTTP/1.1 200 OK"
2025-11-05 01:23:08,424 - httpx - INFO - HTTP Request: POST https://api.telegram.org/bot8268927761:AAFjsbNY4xlrczSjgWeY5jqeM6yGSjOoook/getUpdates "HTTP/1.1 200 OK"
2025-11-05 01:23:18,602 - httpx - INFO - HTTP Request: POST https://api.telegram.org/bot8268927761:AAFjsbNY4xlrczSjgWeY5jqeM6yGSjOoook/getUpdates "HTTP/1.1 200 OK"
2025-11-05 01:23:28,782 - httpx - INFO - HTTP Request: POST https://api.telegram.org/bot8268927761:AAFjsbNY4xlrczSjgWeY5jqeM6yGSjOoook/getUpdates "HTTP/1.1 200 OK"
2025-11-05 01:23:38,962 - httpx - INFO - HTTP Request: POST https://api.telegram.org/bot8268927761:AAFjsbNY4xlrczSjgWeY5jqeM6yGSjOoook/getUpdates "HTTP/1.1 200 OK"
2025-11-05 01:23:49,141 - httpx - INFO - HTTP Request: POST https://api.telegram.org/bot8268927761:AAFjsbNY4xlrczSjgWeY5jqeM6yGSjOoook/getUpdates "HTTP/1.1 200 OK"
2025-11-05 01:23:59,323 - httpx - INFO - HTTP Request: POST https://api.telegram.org/bot8268927761:AAFjsbNY4xlrczSjgWeY5jqeM6yGSjOoook/getUpdates "HTTP/1.1 200 OK"
2025-11-05 01:24:09,502 - httpx - INFO - HTTP Request: POST https://api.telegram.org/bot8268927761:AAFjsbNY4xlrczSjgWeY5jqeM6yGSjOoook/getUpdates "HTTP/1.1 200 OK"
2025-11-05 01:24:19,682 - httpx - INFO - HTTP Request: POST https://api.telegram.org/bot8268927761:AAFjsbNY4xlrczSjgWeY5jqeM6yGSjOoook/getUpdates "HTTP/1.1 200 OK"
2025-11-05 01:24:29,862 - httpx - INFO - HTTP Request: POST https://api.telegram.org/bot8268927761:AAFjsbNY4xlrczSjgWeY5jqeM6yGSjOoook/getUpdates "HTTP/1.1 200 OK"
2025-11-05 01:24:40,041 - httpx - INFO - HTTP Request: POST https://api.telegram.org/bot8268927761:AAFjsbNY4xlrczSjgWeY5jqeM6yGSjOoook/getUpdates "HTTP/1.1 200 OK"
2025-11-05 01:24:50,382 - httpx - INFO - HTTP Request: POST https://api.telegram.org/bot8268927761:AAFjsbNY4xlrczSjgWeY5jqeM6yGSjOoook/getUpdates "HTTP/1.1 200 OK"
2025-11-05 01:25:00,569 - httpx - INFO - HTTP Request: POST https://api.telegram.org/bot8268927761:AAFjsbNY4xlrczSjgWeY5jqeM6yGSjOoook/getUpdates "HTTP/1.1 200 OK"
2025-11-05 01:25:10,809 - httpx - INFO - HTTP Request: POST https://api.telegram.org/bot8268927761:AAFjsbNY4xlrczSjgWeY5jqeM6yGSjOoook/getUpdates "HTTP/1.1 200 OK"
2025-11-05 01:25:20,989 - httpx - INFO - HTTP Request: POST https://api.telegram.org/bot8268927761:AAFjsbNY4xlrczSjgWeY5jqeM6yGSjOoook/getUpdates "HTTP/1.1 200 OK"
2025-11-05 01:25:31,171 - httpx - INFO - HTTP Request: POST https://api.telegram.org/bot8268927761:AAFjsbNY4xlrczSjgWeY5jqeM6yGSjOoook/getUpdates "HTTP/1.1 200 OK"
2025-11-05 01:25:41,351 - httpx - INFO - HTTP Request: POST https://api.telegram.org/bot8268927761:AAFjsbNY4xlrczSjgWeY5jqeM6yGSjOoook/getUpdates "HTTP/1.1 200 OK"
2025-11-05 01:25:51,728 - httpx - INFO - HTTP Request: POST https://api.telegram.org/bot8268927761:AAFjsbNY4xlrczSjgWeY5jqeM6yGSjOoook/getUpdates "HTTP/1.1 200 OK"
2025-11-05 01:26:01,918 - httpx - INFO - HTTP Request: POST https://api.telegram.org/bot8268927761:AAFjsbNY4xlrczSjgWeY5jqeM6yGSjOoook/getUpdates "HTTP/1.1 200 OK"
2025-11-05 01:26:12,098 - httpx - INFO - HTTP Request: POST https://api.telegram.org/bot8268927761:AAFjsbNY4xlrczSjgWeY5jqeM6yGSjOoook/getUpdates "HTTP/1.1 200 OK"
2025-11-05 01:26:22,278 - httpx - INFO - HTTP Request: POST https://api.telegram.org/bot8268927761:AAFjsbNY4xlrczSjgWeY5jqeM6yGSjOoook/getUpdates "HTTP/1.1 200 OK"
2025-11-05 01:26:32,457 - httpx - INFO - HTTP Request: POST https://api.telegram.org/bot8268927761:AAFjsbNY4xlrczSjgWeY5jqeM6yGSjOoook/getUpdates "HTTP/1.1 200 OK"
2025-11-05 01:26:42,635 - httpx - INFO - HTTP Request: POST https://api.telegram.org/bot8268927761:AAFjsbNY4xlrczSjgWeY5jqeM6yGSjOoook/getUpdates "HTTP/1.1 200 OK"
2025-11-05 01:26:52,814 - httpx - INFO - HTTP Request: POST https://api.telegram.org/bot8268927761:AAFjsbNY4xlrczSjgWeY5jqeM6yGSjOoook/getUpdates "HTTP/1.1 200 OK"
2025-11-05 01:27:02,994 - httpx - INFO - HTTP Request: POST https://api.telegram.org/bot8268927761:AAFjsbNY4xlrczSjgWeY5jqeM6yGSjOoook/getUpdates "HTTP/1.1 200 OK"
2025-11-05 01:27:13,175 - httpx - INFO - HTTP Request: POST https://api.telegram.org/bot8268927761:AAFjsbNY4xlrczSjgWeY5jqeM6yGSjOoook/getUpdates "HTTP/1.1 200 OK"
2025-11-05 01:27:23,359 - httpx - INFO - HTTP Request: POST https://api.telegram.org/bot8268927761:AAFjsbNY4xlrczSjgWeY5jqeM6yGSjOoook/getUpdates "HTTP/1.1 200 OK"
2025-11-05 01:27:33,537 - httpx - INFO - HTTP Request: POST https://api.telegram.org/bot8268927761:AAFjsbNY4xlrczSjgWeY5jqeM6yGSjOoook/getUpdates "HTTP/1.1 200 OK"
2025-11-05 01:27:43,717 - httpx - INFO - HTTP Request: POST https://api.telegram.org/bot8268927761:AAFjsbNY4xlrczSjgWeY5jqeM6yGSjOoook/getUpdates "HTTP/1.1 200 OK"
2025-11-05 01:27:53,902 - httpx - INFO - HTTP Request: POST https://api.telegram.org/bot8268927761:AAFjsbNY4xlrczSjgWeY5jqeM6yGSjOoook/getUpdates "HTTP/1.1 200 OK"
2025-11-05 01:28:04,082 - httpx - INFO - HTTP Request: POST https://api.telegram.org/bot8268927761:AAFjsbNY4xlrczSjgWeY5jqeM6yGSjOoook/getUpdates "HTTP/1.1 200 OK"
2025-11-05 01:28:14,263 - httpx - INFO - HTTP Request: POST https://api.telegram.org/bot8268927761:AAFjsbNY4xlrczSjgWeY5jqeM6yGSjOoook/getUpdates "HTTP/1.1 200 OK"
2025-11-05 01:28:24,442 - httpx - INFO - HTTP Request: POST https://api.telegram.org/bot8268927761:AAFjsbNY4xlrczSjgWeY5jqeM6yGSjOoook/getUpdates "HTTP/1.1 200 OK"
2025-11-05 01:28:34,629 - httpx - INFO - HTTP Request: POST https://api.telegram.org/bot8268927761:AAFjsbNY4xlrczSjgWeY5jqeM6yGSjOoook/getUpdates "HTTP/1.1 200 OK"
2025-11-05 01:28:44,808 - httpx - INFO - HTTP Request: POST https://api.telegram.org/bot8268927761:AAFjsbNY4xlrczSjgWeY5jqeM6yGSjOoook/getUpdates "HTTP/1.1 200 OK"
2025-11-05 01:28:54,989 - httpx - INFO - HTTP Request: POST https://api.telegram.org/bot8268927761:AAFjsbNY4xlrczSjgWeY5jqeM6yGSjOoook/getUpdates "HTTP/1.1 200 OK"
2025-11-05 01:29:05,167 - httpx - INFO - HTTP Request: POST https://api.telegram.org/bot8268927761:AAFjsbNY4xlrczSjgWeY5jqeM6yGSjOoook/getUpdates "HTTP/1.1 200 OK"
2025-11-05 01:29:15,352 - httpx - INFO - HTTP Request: POST https://api.telegram.org/bot8268927761:AAFjsbNY4xlrczSjgWeY5jqeM6yGSjOoook/getUpdates "HTTP/1.1 200 OK"
2025-11-05 01:29:25,534 - httpx - INFO - HTTP Request: POST https://api.telegram.org/bot8268927761:AAFjsbNY4xlrczSjgWeY5jqeM6yGSjOoook/getUpdates "HTTP/1.1 200 OK"
2025-11-05 01:29:35,713 - httpx - INFO - HTTP Request: POST https://api.telegram.org/bot8268927761:AAFjsbNY4xlrczSjgWeY5jqeM6yGSjOoook/getUpdates "HTTP/1.1 200 OK"
2025-11-05 01:29:45,893 - httpx - INFO - HTTP Request: POST https://api.telegram.org/bot8268927761:AAFjsbNY4xlrczSjgWeY5jqeM6yGSjOoook/getUpdates "HTTP/1.1 200 OK"
2025-11-05 01:29:56,087 - httpx - INFO - HTTP Request: POST https://api.telegram.org/bot8268927761:AAFjsbNY4xlrczSjgWeY5jqeM6yGSjOoook/getUpdates "HTTP/1.1 200 OK"
2025-11-05 01:30:06,268 - httpx - INFO - HTTP Request: POST https://api.telegram.org/bot8268927761:AAFjsbNY4xlrczSjgWeY5jqeM6yGSjOoook/getUpdates "HTTP/1.1 200 OK"
2025-11-05 01:30:16,448 - httpx - INFO - HTTP Request: POST https://api.telegram.org/bot8268927761:AAFjsbNY4xlrczSjgWeY5jqeM6yGSjOoook/getUpdates "HTTP/1.1 200 OK"
2025-11-05 01:30:26,683 - httpx - INFO - HTTP Request: POST https://api.telegram.org/bot8268927761:AAFjsbNY4xlrczSjgWeY5jqeM6yGSjOoook/getUpdates "HTTP/1.1 200 OK"
2025-11-05 01:30:36,885 - httpx - INFO - HTTP Request: POST https://api.telegram.org/bot8268927761:AAFjsbNY4xlrczSjgWeY5jqeM6yGSjOoook/getUpdates "HTTP/1.1 200 OK"
2025-11-05 01:30:47,063 - httpx - INFO - HTTP Request: POST https://api.telegram.org/bot8268927761:AAFjsbNY4xlrczSjgWeY5jqeM6yGSjOoook/getUpdates "HTTP/1.1 200 OK"
2025-11-05 01:30:57,242 - httpx - INFO - HTTP Request: POST https://api.telegram.org/bot8268927761:AAFjsbNY4xlrczSjgWeY5jqeM6yGSjOoook/getUpdates "HTTP/1.1 200 OK"
2025-11-05 01:31:07,422 - httpx - INFO - HTTP Request: POST https://api.telegram.org/bot8268927761:AAFjsbNY4xlrczSjgWeY5jqeM6yGSjOoook/getUpdates "HTTP/1.1 200 OK"
2025-11-05 01:31:17,633 - httpx - INFO - HTTP Request: POST https://api.telegram.org/bot8268927761:AAFjsbNY4xlrczSjgWeY5jqeM6yGSjOoook/getUpdates "HTTP/1.1 200 OK"
2025-11-05 01:31:27,824 - httpx - INFO - HTTP Request: POST https://api.telegram.org/bot8268927761:AAFjsbNY4xlrczSjgWeY5jqeM6yGSjOoook/getUpdates "HTTP/1.1 200 OK"
2025-11-05 01:31:38,004 - httpx - INFO - HTTP Request: POST https://api.telegram.org/bot8268927761:AAFjsbNY4xlrczSjgWeY5jqeM6yGSjOoook/getUpdates "HTTP/1.1 200 OK"
2025-11-05 01:31:48,182 - httpx - INFO - HTTP Request: POST https://api.telegram.org/bot8268927761:AAFjsbNY4xlrczSjgWeY5jqeM6yGSjOoook/getUpdates "HTTP/1.1 200 OK"
2025-11-05 01:31:58,361 - httpx - INFO - HTTP Request: POST https://api.telegram.org/bot8268927761:AAFjsbNY4xlrczSjgWeY5jqeM6yGSjOoook/getUpdates "HTTP/1.1 200 OK"
2025-11-05 01:32:08,539 - httpx - INFO - HTTP Request: POST https://api.telegram.org/bot8268927761:AAFjsbNY4xlrczSjgWeY5jqeM6yGSjOoook/getUpdates "HTTP/1.1 200 OK"
2025-11-05 01:32:18,721 - httpx - INFO - HTTP Request: POST https://api.telegram.org/bot8268927761:AAFjsbNY4xlrczSjgWeY5jqeM6yGSjOoook/getUpdates "HTTP/1.1 200 OK"
2025-11-05 01:32:28,902 - httpx - INFO - HTTP Request: POST https://api.telegram.org/bot8268927761:AAFjsbNY4xlrczSjgWeY5jqeM6yGSjOoook/getUpdates "HTTP/1.1 200 OK"
2025-11-05 01:32:39,082 - httpx - INFO - HTTP Request: POST https://api.telegram.org/bot8268927761:AAFjsbNY4xlrczSjgWeY5jqeM6yGSjOoook/getUpdates "HTTP/1.1 200 OK"
2025-11-05 01:32:49,261 - httpx - INFO - HTTP Request: POST https://api.telegram.org/bot8268927761:AAFjsbNY4xlrczSjgWeY5jqeM6yGSjOoook/getUpdates "HTTP/1.1 200 OK"
2025-11-05 01:32:59,445 - httpx - INFO - HTTP Request: POST https://api.telegram.org/bot8268927761:AAFjsbNY4xlrczSjgWeY5jqeM6yGSjOoook/getUpdates "HTTP/1.1 200 OK"
2025-11-05 01:33:09,627 - httpx - INFO - HTTP Request: POST https://api.telegram.org/bot8268927761:AAFjsbNY4xlrczSjgWeY5jqeM6yGSjOoook/getUpdates "HTTP/1.1 200 OK"
2025-11-05 01:33:19,807 - httpx - INFO - HTTP Request: POST https://api.telegram.org/bot8268927761:AAFjsbNY4xlrczSjgWeY5jqeM6yGSjOoook/getUpdates "HTTP/1.1 200 OK"
2025-11-05 01:33:29,987 - httpx - INFO - HTTP Request: POST https://api.telegram.org/bot8268927761:AAFjsbNY4xlrczSjgWeY5jqeM6yGSjOoook/getUpdates "HTTP/1.1 200 OK"
2025-11-05 01:33:40,166 - httpx - INFO - HTTP Request: POST https://api.telegram.org/bot8268927761:AAFjsbNY4xlrczSjgWeY5jqeM6yGSjOoook/getUpdates "HTTP/1.1 200 OK"
2025-11-05 01:33:50,345 - httpx - INFO - HTTP Request: POST https://api.telegram.org/bot8268927761:AAFjsbNY4xlrczSjgWeY5jqeM6yGSjOoook/getUpdates "HTTP/1.1 200 OK"
2025-11-05 01:34:00,524 - httpx - INFO - HTTP Request: POST https://api.telegram.org/bot8268927761:AAFjsbNY4xlrczSjgWeY5jqeM6yGSjOoook/getUpdates "HTTP/1.1 200 OK"
2025-11-05 01:34:10,703 - httpx - INFO - HTTP Request: POST https://api.telegram.org/bot8268927761:AAFjsbNY4xlrczSjgWeY5jqeM6yGSjOoook/getUpdates "HTTP/1.1 200 OK"
2025-11-05 01:34:20,885 - httpx - INFO - HTTP Request: POST https://api.telegram.org/bot8268927761:AAFjsbNY4xlrczSjgWeY5jqeM6yGSjOoook/getUpdates "HTTP/1.1 200 OK"
2025-11-05 01:34:31,176 - httpx - INFO - HTTP Request: POST https://api.telegram.org/bot8268927761:AAFjsbNY4xlrczSjgWeY5jqeM6yGSjOoook/getUpdates "HTTP/1.1 200 OK"
2025-11-05 01:34:41,356 - httpx - INFO - HTTP Request: POST https://api.telegram.org/bot8268927761:AAFjsbNY4xlrczSjgWeY5jqeM6yGSjOoook/getUpdates "HTTP/1.1 200 OK"
2025-11-05 01:34:51,534 - httpx - INFO - HTTP Request: POST https://api.telegram.org/bot8268927761:AAFjsbNY4xlrczSjgWeY5jqeM6yGSjOoook/getUpdates "HTTP/1.1 200 OK"
2025-11-05 01:35:01,715 - httpx - INFO - HTTP Request: POST https://api.telegram.org/bot8268927761:AAFjsbNY4xlrczSjgWeY5jqeM6yGSjOoook/getUpdates "HTTP/1.1 200 OK"
2025-11-05 01:35:11,895 - httpx - INFO - HTTP Request: POST https://api.telegram.org/bot8268927761:AAFjsbNY4xlrczSjgWeY5jqeM6yGSjOoook/getUpdates "HTTP/1.1 200 OK"
2025-11-05 01:35:22,074 - httpx - INFO - HTTP Request: POST https://api.telegram.org/bot8268927761:AAFjsbNY4xlrczSjgWeY5jqeM6yGSjOoook/getUpdates "HTTP/1.1 200 OK"
2025-11-05 01:35:32,257 - httpx - INFO - HTTP Request: POST https://api.telegram.org/bot8268927761:AAFjsbNY4xlrczSjgWeY5jqeM6yGSjOoook/getUpdates "HTTP/1.1 200 OK"
2025-11-05 01:35:42,438 - httpx - INFO - HTTP Request: POST https://api.telegram.org/bot8268927761:AAFjsbNY4xlrczSjgWeY5jqeM6yGSjOoook/getUpdates "HTTP/1.1 200 OK"
2025-11-05 01:35:52,617 - httpx - INFO - HTTP Request: POST https://api.telegram.org/bot8268927761:AAFjsbNY4xlrczSjgWeY5jqeM6yGSjOoook/getUpdates "HTTP/1.1 200 OK"
2025-11-05 01:36:02,799 - httpx - INFO - HTTP Request: POST https://api.telegram.org/bot8268927761:AAFjsbNY4xlrczSjgWeY5jqeM6yGSjOoook/getUpdates "HTTP/1.1 200 OK"
2025-11-05 01:36:12,988 - httpx - INFO - HTTP Request: POST https://api.telegram.org/bot8268927761:AAFjsbNY4xlrczSjgWeY5jqeM6yGSjOoook/getUpdates "HTTP/1.1 200 OK"
2025-11-05 01:36:23,167 - httpx - INFO - HTTP Request: POST https://api.telegram.org/bot8268927761:AAFjsbNY4xlrczSjgWeY5jqeM6yGSjOoook/getUpdates "HTTP/1.1 200 OK"
2025-11-05 01:36:33,347 - httpx - INFO - HTTP Request: POST https://api.telegram.org/bot8268927761:AAFjsbNY4xlrczSjgWeY5jqeM6yGSjOoook/getUpdates "HTTP/1.1 200 OK"
2025-11-05 01:36:43,529 - httpx - INFO - HTTP Request: POST https://api.telegram.org/bot8268927761:AAFjsbNY4xlrczSjgWeY5jqeM6yGSjOoook/getUpdates "HTTP/1.1 200 OK"
2025-11-05 01:36:53,711 - httpx - INFO - HTTP Request: POST https://api.telegram.org/bot8268927761:AAFjsbNY4xlrczSjgWeY5jqeM6yGSjOoook/getUpdates "HTTP/1.1 200 OK"
2025-11-05 01:37:03,891 - httpx - INFO - HTTP Request: POST https://api.telegram.org/bot8268927761:AAFjsbNY4xlrczSjgWeY5jqeM6yGSjOoook/getUpdates "HTTP/1.1 200 OK"
2025-11-05 01:37:14,070 - httpx - INFO - HTTP Request: POST https://api.telegram.org/bot8268927761:AAFjsbNY4xlrczSjgWeY5jqeM6yGSjOoook/getUpdates "HTTP/1.1 200 OK"
2025-11-05 01:37:24,247 - httpx - INFO - HTTP Request: POST https://api.telegram.org/bot8268927761:AAFjsbNY4xlrczSjgWeY5jqeM6yGSjOoook/getUpdates "HTTP/1.1 200 OK"
2025-11-05 01:37:34,434 - httpx - INFO - HTTP Request: POST https://api.telegram.org/bot8268927761:AAFjsbNY4xlrczSjgWeY5jqeM6yGSjOoook/getUpdates "HTTP/1.1 200 OK"
2025-11-05 01:37:45,413 - httpx - INFO - HTTP Request: POST https://api.telegram.org/bot8268927761:AAFjsbNY4xlrczSjgWeY5jqeM6yGSjOoook/getUpdates "HTTP/1.1 200 OK"
2025-11-05 01:37:55,605 - httpx - INFO - HTTP Request: POST https://api.telegram.org/bot8268927761:AAFjsbNY4xlrczSjgWeY5jqeM6yGSjOoook/getUpdates "HTTP/1.1 200 OK"
2025-11-05 01:38:05,786 - httpx - INFO - HTTP Request: POST https://api.telegram.org/bot8268927761:AAFjsbNY4xlrczSjgWeY5jqeM6yGSjOoook/getUpdates "HTTP/1.1 200 OK"
2025-11-05 01:38:15,966 - httpx - INFO - HTTP Request: POST https://api.telegram.org/bot8268927761:AAFjsbNY4xlrczSjgWeY5jqeM6yGSjOoook/getUpdates "HTTP/1.1 200 OK"
2025-11-05 01:38:26,148 - httpx - INFO - HTTP Request: POST https://api.telegram.org/bot8268927761:AAFjsbNY4xlrczSjgWeY5jqeM6yGSjOoook/getUpdates "HTTP/1.1 200 OK"
2025-11-05 01:38:36,349 - httpx - INFO - HTTP Request: POST https://api.telegram.org/bot8268927761:AAFjsbNY4xlrczSjgWeY5jqeM6yGSjOoook/getUpdates "HTTP/1.1 200 OK"
2025-11-05 01:38:46,529 - httpx - INFO - HTTP Request: POST https://api.telegram.org/bot8268927761:AAFjsbNY4xlrczSjgWeY5jqeM6yGSjOoook/getUpdates "HTTP/1.1 200 OK"
2025-11-05 01:38:56,717 - httpx - INFO - HTTP Request: POST https://api.telegram.org/bot8268927761:AAFjsbNY4xlrczSjgWeY5jqeM6yGSjOoook/getUpdates "HTTP/1.1 200 OK"
2025-11-05 01:39:06,898 - httpx - INFO - HTTP Request: POST https://api.telegram.org/bot8268927761:AAFjsbNY4xlrczSjgWeY5jqeM6yGSjOoook/getUpdates "HTTP/1.1 200 OK"
2025-11-05 01:39:17,081 - httpx - INFO - HTTP Request: POST https://api.telegram.org/bot8268927761:AAFjsbNY4xlrczSjgWeY5jqeM6yGSjOoook/getUpdates "HTTP/1.1 200 OK"
2025-11-05 01:39:27,267 - httpx - INFO - HTTP Request: POST https://api.telegram.org/bot8268927761:AAFjsbNY4xlrczSjgWeY5jqeM6yGSjOoook/getUpdates "HTTP/1.1 200 OK"
2025-11-05 01:39:37,446 - httpx - INFO - HTTP Request: POST https://api.telegram.org/bot8268927761:AAFjsbNY4xlrczSjgWeY5jqeM6yGSjOoook/getUpdates "HTTP/1.1 200 OK"
2025-11-05 01:39:47,627 - httpx - INFO - HTTP Request: POST https://api.telegram.org/bot8268927761:AAFjsbNY4xlrczSjgWeY5jqeM6yGSjOoook/getUpdates "HTTP/1.1 200 OK"
2025-11-05 01:39:57,807 - httpx - INFO - HTTP Request: POST https://api.telegram.org/bot8268927761:AAFjsbNY4xlrczSjgWeY5jqeM6yGSjOoook/getUpdates "HTTP/1.1 200 OK"
2025-11-05 01:40:08,191 - httpx - INFO - HTTP Request: POST https://api.telegram.org/bot8268927761:AAFjsbNY4xlrczSjgWeY5jqeM6yGSjOoook/getUpdates "HTTP/1.1 200 OK"
2025-11-05 01:40:18,432 - httpx - INFO - HTTP Request: POST https://api.telegram.org/bot8268927761:AAFjsbNY4xlrczSjgWeY5jqeM6yGSjOoook/getUpdates "HTTP/1.1 200 OK"
2025-11-05 01:40:28,616 - httpx - INFO - HTTP Request: POST https://api.telegram.org/bot8268927761:AAFjsbNY4xlrczSjgWeY5jqeM6yGSjOoook/getUpdates "HTTP/1.1 200 OK"
2025-11-05 01:40:38,795 - httpx - INFO - HTTP Request: POST https://api.telegram.org/bot8268927761:AAFjsbNY4xlrczSjgWeY5jqeM6yGSjOoook/getUpdates "HTTP/1.1 200 OK"
2025-11-05 01:40:48,976 - httpx - INFO - HTTP Request: POST https://api.telegram.org/bot8268927761:AAFjsbNY4xlrczSjgWeY5jqeM6yGSjOoook/getUpdates "HTTP/1.1 200 OK"
2025-11-05 01:40:59,158 - httpx - INFO - HTTP Request: POST https://api.telegram.org/bot8268927761:AAFjsbNY4xlrczSjgWeY5jqeM6yGSjOoook/getUpdates "HTTP/1.1 200 OK"
2025-11-05 01:41:09,345 - httpx - INFO - HTTP Request: POST https://api.telegram.org/bot8268927761:AAFjsbNY4xlrczSjgWeY5jqeM6yGSjOoook/getUpdates "HTTP/1.1 200 OK"
2025-11-05 01:41:19,528 - httpx - INFO - HTTP Request: POST https://api.telegram.org/bot8268927761:AAFjsbNY4xlrczSjgWeY5jqeM6yGSjOoook/getUpdates "HTTP/1.1 200 OK"
2025-11-05 01:41:29,709 - httpx - INFO - HTTP Request: POST https://api.telegram.org/bot8268927761:AAFjsbNY4xlrczSjgWeY5jqeM6yGSjOoook/getUpdates "HTTP/1.1 200 OK"
2025-11-05 01:41:39,890 - httpx - INFO - HTTP Request: POST https://api.telegram.org/bot8268927761:AAFjsbNY4xlrczSjgWeY5jqeM6yGSjOoook/getUpdates "HTTP/1.1 200 OK"
2025-11-05 01:41:50,070 - httpx - INFO - HTTP Request: POST https://api.telegram.org/bot8268927761:AAFjsbNY4xlrczSjgWeY5jqeM6yGSjOoook/getUpdates "HTTP/1.1 200 OK"
2025-11-05 01:42:00,258 - httpx - INFO - HTTP Request: POST https://api.telegram.org/bot8268927761:AAFjsbNY4xlrczSjgWeY5jqeM6yGSjOoook/getUpdates "HTTP/1.1 200 OK"
2025-11-05 01:42:10,439 - httpx - INFO - HTTP Request: POST https://api.telegram.org/bot8268927761:AAFjsbNY4xlrczSjgWeY5jqeM6yGSjOoook/getUpdates "HTTP/1.1 200 OK"
2025-11-05 01:42:20,627 - httpx - INFO - HTTP Request: POST https://api.telegram.org/bot8268927761:AAFjsbNY4xlrczSjgWeY5jqeM6yGSjOoook/getUpdates "HTTP/1.1 200 OK"
2025-11-05 01:42:30,826 - httpx - INFO - HTTP Request: POST https://api.telegram.org/bot8268927761:AAFjsbNY4xlrczSjgWeY5jqeM6yGSjOoook/getUpdates "HTTP/1.1 200 OK"
2025-11-05 01:42:41,024 - httpx - INFO - HTTP Request: POST https://api.telegram.org/bot8268927761:AAFjsbNY4xlrczSjgWeY5jqeM6yGSjOoook/getUpdates "HTTP/1.1 200 OK"
2025-11-05 01:42:51,206 - httpx - INFO - HTTP Request: POST https://api.telegram.org/bot8268927761:AAFjsbNY4xlrczSjgWeY5jqeM6yGSjOoook/getUpdates "HTTP/1.1 200 OK"
2025-11-05 01:43:01,394 - httpx - INFO - HTTP Request: POST https://api.telegram.org/bot8268927761:AAFjsbNY4xlrczSjgWeY5jqeM6yGSjOoook/getUpdates "HTTP/1.1 200 OK"
2025-11-05 01:43:11,580 - httpx - INFO - HTTP Request: POST https://api.telegram.org/bot8268927761:AAFjsbNY4xlrczSjgWeY5jqeM6yGSjOoook/getUpdates "HTTP/1.1 200 OK"
2025-11-05 01:43:21,763 - httpx - INFO - HTTP Request: POST https://api.telegram.org/bot8268927761:AAFjsbNY4xlrczSjgWeY5jqeM6yGSjOoook/getUpdates "HTTP/1.1 200 OK"
2025-11-05 01:43:31,948 - httpx - INFO - HTTP Request: POST https://api.telegram.org/bot8268927761:AAFjsbNY4xlrczSjgWeY5jqeM6yGSjOoook/getUpdates "HTTP/1.1 200 OK"
2025-11-05 01:43:42,128 - httpx - INFO - HTTP Request: POST https://api.telegram.org/bot8268927761:AAFjsbNY4xlrczSjgWeY5jqeM6yGSjOoook/getUpdates "HTTP/1.1 200 OK"
2025-11-05 01:43:52,320 - httpx - INFO - HTTP Request: POST https://api.telegram.org/bot8268927761:AAFjsbNY4xlrczSjgWeY5jqeM6yGSjOoook/getUpdates "HTTP/1.1 200 OK"
2025-11-05 01:44:02,501 - httpx - INFO - HTTP Request: POST https://api.telegram.org/bot8268927761:AAFjsbNY4xlrczSjgWeY5jqeM6yGSjOoook/getUpdates "HTTP/1.1 200 OK"
2025-11-05 01:44:12,687 - httpx - INFO - HTTP Request: POST https://api.telegram.org/bot8268927761:AAFjsbNY4xlrczSjgWeY5jqeM6yGSjOoook/getUpdates "HTTP/1.1 200 OK"
2025-11-05 01:44:22,868 - httpx - INFO - HTTP Request: POST https://api.telegram.org/bot8268927761:AAFjsbNY4xlrczSjgWeY5jqeM6yGSjOoook/getUpdates "HTTP/1.1 200 OK"
2025-11-05 01:44:33,050 - httpx - INFO - HTTP Request: POST https://api.telegram.org/bot8268927761:AAFjsbNY4xlrczSjgWeY5jqeM6yGSjOoook/getUpdates "HTTP/1.1 200 OK"
2025-11-05 01:44:43,231 - httpx - INFO - HTTP Request: POST https://api.telegram.org/bot8268927761:AAFjsbNY4xlrczSjgWeY5jqeM6yGSjOoook/getUpdates "HTTP/1.1 200 OK"
2025-11-05 01:44:53,469 - httpx - INFO - HTTP Request: POST https://api.telegram.org/bot8268927761:AAFjsbNY4xlrczSjgWeY5jqeM6yGSjOoook/getUpdates "HTTP/1.1 200 OK"
2025-11-05 01:45:03,648 - httpx - INFO - HTTP Request: POST https://api.telegram.org/bot8268927761:AAFjsbNY4xlrczSjgWeY5jqeM6yGSjOoook/getUpdates "HTTP/1.1 200 OK"
2025-11-05 01:45:13,869 - httpx - INFO - HTTP Request: POST https://api.telegram.org/bot8268927761:AAFjsbNY4xlrczSjgWeY5jqeM6yGSjOoook/getUpdates "HTTP/1.1 200 OK"
2025-11-05 01:45:24,053 - httpx - INFO - HTTP Request: POST https://api.telegram.org/bot8268927761:AAFjsbNY4xlrczSjgWeY5jqeM6yGSjOoook/getUpdates "HTTP/1.1 200 OK"
2025-11-05 01:45:34,242 - httpx - INFO - HTTP Request: POST https://api.telegram.org/bot8268927761:AAFjsbNY4xlrczSjgWeY5jqeM6yGSjOoook/getUpdates "HTTP/1.1 200 OK"
2025-11-05 01:45:44,421 - httpx - INFO - HTTP Request: POST https://api.telegram.org/bot8268927761:AAFjsbNY4xlrczSjgWeY5jqeM6yGSjOoook/getUpdates "HTTP/1.1 200 OK"
2025-11-05 01:45:54,602 - httpx - INFO - HTTP Request: POST https://api.telegram.org/bot8268927761:AAFjsbNY4xlrczSjgWeY5jqeM6yGSjOoook/getUpdates "HTTP/1.1 200 OK"
2025-11-05 01:46:04,787 - httpx - INFO - HTTP Request: POST https://api.telegram.org/bot8268927761:AAFjsbNY4xlrczSjgWeY5jqeM6yGSjOoook/getUpdates "HTTP/1.1 200 OK"
2025-11-05 01:46:14,973 - httpx - INFO - HTTP Request: POST https://api.telegram.org/bot8268927761:AAFjsbNY4xlrczSjgWeY5jqeM6yGSjOoook/getUpdates "HTTP/1.1 200 OK"
2025-11-05 01:46:25,154 - httpx - INFO - HTTP Request: POST https://api.telegram.org/bot8268927761:AAFjsbNY4xlrczSjgWeY5jqeM6yGSjOoook/getUpdates "HTTP/1.1 200 OK"
2025-11-05 01:46:35,341 - httpx - INFO - HTTP Request: POST https://api.telegram.org/bot8268927761:AAFjsbNY4xlrczSjgWeY5jqeM6yGSjOoook/getUpdates "HTTP/1.1 200 OK"
2025-11-05 01:46:45,538 - httpx - INFO - HTTP Request: POST https://api.telegram.org/bot8268927761:AAFjsbNY4xlrczSjgWeY5jqeM6yGSjOoook/getUpdates "HTTP/1.1 200 OK"
2025-11-05 01:46:55,724 - httpx - INFO - HTTP Request: POST https://api.telegram.org/bot8268927761:AAFjsbNY4xlrczSjgWeY5jqeM6yGSjOoook/getUpdates "HTTP/1.1 200 OK"
2025-11-05 01:47:05,907 - httpx - INFO - HTTP Request: POST https://api.telegram.org/bot8268927761:AAFjsbNY4xlrczSjgWeY5jqeM6yGSjOoook/getUpdates "HTTP/1.1 200 OK"
2025-11-05 01:47:16,092 - httpx - INFO - HTTP Request: POST https://api.telegram.org/bot8268927761:AAFjsbNY4xlrczSjgWeY5jqeM6yGSjOoook/getUpdates "HTTP/1.1 200 OK"
2025-11-05 01:47:26,275 - httpx - INFO - HTTP Request: POST https://api.telegram.org/bot8268927761:AAFjsbNY4xlrczSjgWeY5jqeM6yGSjOoook/getUpdates "HTTP/1.1 200 OK"
2025-11-05 01:47:36,464 - httpx - INFO - HTTP Request: POST https://api.telegram.org/bot8268927761:AAFjsbNY4xlrczSjgWeY5jqeM6yGSjOoook/getUpdates "HTTP/1.1 200 OK"
2025-11-05 01:47:46,647 - httpx - INFO - HTTP Request: POST https://api.telegram.org/bot8268927761:AAFjsbNY4xlrczSjgWeY5jqeM6yGSjOoook/getUpdates "HTTP/1.1 200 OK"
2025-11-05 01:47:56,829 - httpx - INFO - HTTP Request: POST https://api.telegram.org/bot8268927761:AAFjsbNY4xlrczSjgWeY5jqeM6yGSjOoook/getUpdates "HTTP/1.1 200 OK"
2025-11-05 01:48:07,011 - httpx - INFO - HTTP Request: POST https://api.telegram.org/bot8268927761:AAFjsbNY4xlrczSjgWeY5jqeM6yGSjOoook/getUpdates "HTTP/1.1 200 OK"
2025-11-05 01:48:17,192 - httpx - INFO - HTTP Request: POST https://api.telegram.org/bot8268927761:AAFjsbNY4xlrczSjgWeY5jqeM6yGSjOoook/getUpdates "HTTP/1.1 200 OK"
2025-11-05 01:48:27,374 - httpx - INFO - HTTP Request: POST https://api.telegram.org/bot8268927761:AAFjsbNY4xlrczSjgWeY5jqeM6yGSjOoook/getUpdates "HTTP/1.1 200 OK"
2025-11-05 01:48:37,558 - httpx - INFO - HTTP Request: POST https://api.telegram.org/bot8268927761:AAFjsbNY4xlrczSjgWeY5jqeM6yGSjOoook/getUpdates "HTTP/1.1 200 OK"
2025-11-05 01:48:47,743 - httpx - INFO - HTTP Request: POST https://api.telegram.org/bot8268927761:AAFjsbNY4xlrczSjgWeY5jqeM6yGSjOoook/getUpdates "HTTP/1.1 200 OK"
2025-11-05 01:48:57,928 - httpx - INFO - HTTP Request: POST https://api.telegram.org/bot8268927761:AAFjsbNY4xlrczSjgWeY5jqeM6yGSjOoook/getUpdates "HTTP/1.1 200 OK"
2025-11-05 01:49:08,116 - httpx - INFO - HTTP Request: POST https://api.telegram.org/bot8268927761:AAFjsbNY4xlrczSjgWeY5jqeM6yGSjOoook/getUpdates "HTTP/1.1 200 OK"
2025-11-05 01:49:18,299 - httpx - INFO - HTTP Request: POST https://api.telegram.org/bot8268927761:AAFjsbNY4xlrczSjgWeY5jqeM6yGSjOoook/getUpdates "HTTP/1.1 200 OK"
2025-11-05 01:49:28,481 - httpx - INFO - HTTP Request: POST https://api.telegram.org/bot8268927761:AAFjsbNY4xlrczSjgWeY5jqeM6yGSjOoook/getUpdates "HTTP/1.1 200 OK"
2025-11-05 01:49:38,697 - httpx - INFO - HTTP Request: POST https://api.telegram.org/bot8268927761:AAFjsbNY4xlrczSjgWeY5jqeM6yGSjOoook/getUpdates "HTTP/1.1 200 OK"
2025-11-05 01:49:48,999 - httpx - INFO - HTTP Request: POST https://api.telegram.org/bot8268927761:AAFjsbNY4xlrczSjgWeY5jqeM6yGSjOoook/getUpdates "HTTP/1.1 200 OK"
2025-11-05 01:49:59,213 - httpx - INFO - HTTP Request: POST https://api.telegram.org/bot8268927761:AAFjsbNY4xlrczSjgWeY5jqeM6yGSjOoook/getUpdates "HTTP/1.1 200 OK"
2025-11-05 01:50:09,397 - httpx - INFO - HTTP Request: POST https://api.telegram.org/bot8268927761:AAFjsbNY4xlrczSjgWeY5jqeM6yGSjOoook/getUpdates "HTTP/1.1 200 OK"
2025-11-05 01:50:19,576 - httpx - INFO - HTTP Request: POST https://api.telegram.org/bot8268927761:AAFjsbNY4xlrczSjgWeY5jqeM6yGSjOoook/getUpdates "HTTP/1.1 200 OK"
2025-11-05 01:50:29,762 - httpx - INFO - HTTP Request: POST https://api.telegram.org/bot8268927761:AAFjsbNY4xlrczSjgWeY5jqeM6yGSjOoook/getUpdates "HTTP/1.1 200 OK"
2025-11-05 01:50:39,948 - httpx - INFO - HTTP Request: POST https://api.telegram.org/bot8268927761:AAFjsbNY4xlrczSjgWeY5jqeM6yGSjOoook/getUpdates "HTTP/1.1 200 OK"
2025-11-05 01:50:50,174 - httpx - INFO - HTTP Request: POST https://api.telegram.org/bot8268927761:AAFjsbNY4xlrczSjgWeY5jqeM6yGSjOoook/getUpdates "HTTP/1.1 200 OK"
2025-11-05 01:51:00,367 - httpx - INFO - HTTP Request: POST https://api.telegram.org/bot8268927761:AAFjsbNY4xlrczSjgWeY5jqeM6yGSjOoook/getUpdates "HTTP/1.1 200 OK"
2025-11-05 01:51:10,547 - httpx - INFO - HTTP Request: POST https://api.telegram.org/bot8268927761:AAFjsbNY4xlrczSjgWeY5jqeM6yGSjOoook/getUpdates "HTTP/1.1 200 OK"
2025-11-05 02:05:27,564 - telegram.ext.Application - ERROR - No error handlers are registered, logging exception.
Traceback (most recent call last):
  File "/home/fedora/telegram_projects/pdf_bot/.venv/lib64/python3.13/site-packages/httpx/_transports/default.py", line 101, in map_httpcore_exceptions
    yield
  File "/home/fedora/telegram_projects/pdf_bot/.venv/lib64/python3.13/site-packages/httpx/_transports/default.py", line 394, in handle_async_request
    resp = await self._pool.handle_async_request(req)
           ^^^^^^^^^^^^^^^^^^^^^^^^^^^^^^^^^^^^^^^^^^
  File "/home/fedora/telegram_projects/pdf_bot/.venv/lib64/python3.13/site-packages/httpcore/_async/connection_pool.py", line 256, in handle_async_request
    raise exc from None
  File "/home/fedora/telegram_projects/pdf_bot/.venv/lib64/python3.13/site-packages/httpcore/_async/connection_pool.py", line 236, in handle_async_request
    response = await connection.handle_async_request(
               ^^^^^^^^^^^^^^^^^^^^^^^^^^^^^^^^^^^^^^
        pool_request.request
        ^^^^^^^^^^^^^^^^^^^^
    )
    ^
  File "/home/fedora/telegram_projects/pdf_bot/.venv/lib64/python3.13/site-packages/httpcore/_async/connection.py", line 101, in handle_async_request
    raise exc
  File "/home/fedora/telegram_projects/pdf_bot/.venv/lib64/python3.13/site-packages/httpcore/_async/connection.py", line 78, in handle_async_request
    stream = await self._connect(request)
             ^^^^^^^^^^^^^^^^^^^^^^^^^^^^
  File "/home/fedora/telegram_projects/pdf_bot/.venv/lib64/python3.13/site-packages/httpcore/_async/connection.py", line 124, in _connect
    stream = await self._network_backend.connect_tcp(**kwargs)
             ^^^^^^^^^^^^^^^^^^^^^^^^^^^^^^^^^^^^^^^^^^^^^^^^^
  File "/home/fedora/telegram_projects/pdf_bot/.venv/lib64/python3.13/site-packages/httpcore/_backends/auto.py", line 31, in connect_tcp
    return await self._backend.connect_tcp(
           ^^^^^^^^^^^^^^^^^^^^^^^^^^^^^^^^
    ...<5 lines>...
    )
    ^
  File "/home/fedora/telegram_projects/pdf_bot/.venv/lib64/python3.13/site-packages/httpcore/_backends/anyio.py", line 113, in connect_tcp
    with map_exceptions(exc_map):
         ~~~~~~~~~~~~~~^^^^^^^^^
  File "/usr/lib64/python3.13/contextlib.py", line 162, in __exit__
    self.gen.throw(value)
    ~~~~~~~~~~~~~~^^^^^^^
  File "/home/fedora/telegram_projects/pdf_bot/.venv/lib64/python3.13/site-packages/httpcore/_exceptions.py", line 14, in map_exceptions
    raise to_exc(exc) from exc
httpcore.ConnectError: [Errno -2] Name or service not known

The above exception was the direct cause of the following exception:

Traceback (most recent call last):
  File "/home/fedora/telegram_projects/pdf_bot/.venv/lib64/python3.13/site-packages/telegram/request/_httpxrequest.py", line 279, in do_request
    res = await self._client.request(
          ^^^^^^^^^^^^^^^^^^^^^^^^^^^
    ...<6 lines>...
    )
    ^
  File "/home/fedora/telegram_projects/pdf_bot/.venv/lib64/python3.13/site-packages/httpx/_client.py", line 1540, in request
    return await self.send(request, auth=auth, follow_redirects=follow_redirects)
           ^^^^^^^^^^^^^^^^^^^^^^^^^^^^^^^^^^^^^^^^^^^^^^^^^^^^^^^^^^^^^^^^^^^^^^
  File "/home/fedora/telegram_projects/pdf_bot/.venv/lib64/python3.13/site-packages/httpx/_client.py", line 1629, in send
    response = await self._send_handling_auth(
               ^^^^^^^^^^^^^^^^^^^^^^^^^^^^^^^
    ...<4 lines>...
    )
    ^
  File "/home/fedora/telegram_projects/pdf_bot/.venv/lib64/python3.13/site-packages/httpx/_client.py", line 1657, in _send_handling_auth
    response = await self._send_handling_redirects(
               ^^^^^^^^^^^^^^^^^^^^^^^^^^^^^^^^^^^^
    ...<3 lines>...
    )
    ^
  File "/home/fedora/telegram_projects/pdf_bot/.venv/lib64/python3.13/site-packages/httpx/_client.py", line 1694, in _send_handling_redirects
    response = await self._send_single_request(request)
               ^^^^^^^^^^^^^^^^^^^^^^^^^^^^^^^^^^^^^^^^
  File "/home/fedora/telegram_projects/pdf_bot/.venv/lib64/python3.13/site-packages/httpx/_client.py", line 1730, in _send_single_request
    response = await transport.handle_async_request(request)
               ^^^^^^^^^^^^^^^^^^^^^^^^^^^^^^^^^^^^^^^^^^^^^
  File "/home/fedora/telegram_projects/pdf_bot/.venv/lib64/python3.13/site-packages/httpx/_transports/default.py", line 393, in handle_async_request
    with map_httpcore_exceptions():
         ~~~~~~~~~~~~~~~~~~~~~~~^^
  File "/usr/lib64/python3.13/contextlib.py", line 162, in __exit__
    self.gen.throw(value)
    ~~~~~~~~~~~~~~^^^^^^^
  File "/home/fedora/telegram_projects/pdf_bot/.venv/lib64/python3.13/site-packages/httpx/_transports/default.py", line 118, in map_httpcore_exceptions
    raise mapped_exc(message) from exc
httpx.ConnectError: [Errno -2] Name or service not known

The above exception was the direct cause of the following exception:

Traceback (most recent call last):
  File "/home/fedora/telegram_projects/pdf_bot/.venv/lib64/python3.13/site-packages/telegram/ext/_utils/networkloop.py", line 134, in network_retry_loop
    await do_action()
  File "/home/fedora/telegram_projects/pdf_bot/.venv/lib64/python3.13/site-packages/telegram/ext/_utils/networkloop.py", line 127, in do_action
    action_cb_task.result()
    ~~~~~~~~~~~~~~~~~~~~~^^
  File "/home/fedora/telegram_projects/pdf_bot/.venv/lib64/python3.13/site-packages/telegram/ext/_updater.py", line 340, in polling_action_cb
    updates = await self.bot.get_updates(
              ^^^^^^^^^^^^^^^^^^^^^^^^^^^
    ...<3 lines>...
    )
    ^
  File "/home/fedora/telegram_projects/pdf_bot/.venv/lib64/python3.13/site-packages/telegram/ext/_extbot.py", line 676, in get_updates
    updates = await super().get_updates(
              ^^^^^^^^^^^^^^^^^^^^^^^^^^
    ...<9 lines>...
    )
    ^
  File "/home/fedora/telegram_projects/pdf_bot/.venv/lib64/python3.13/site-packages/telegram/_bot.py", line 4780, in get_updates
    await self._post(
    ^^^^^^^^^^^^^^^^^
    ...<7 lines>...
    ),
    ^
  File "/home/fedora/telegram_projects/pdf_bot/.venv/lib64/python3.13/site-packages/telegram/_bot.py", line 703, in _post
    return await self._do_post(
           ^^^^^^^^^^^^^^^^^^^^
    ...<6 lines>...
    )
    ^
  File "/home/fedora/telegram_projects/pdf_bot/.venv/lib64/python3.13/site-packages/telegram/ext/_extbot.py", line 372, in _do_post
    return await super()._do_post(
           ^^^^^^^^^^^^^^^^^^^^^^^
    ...<6 lines>...
    )
    ^
  File "/home/fedora/telegram_projects/pdf_bot/.venv/lib64/python3.13/site-packages/telegram/_bot.py", line 732, in _do_post
    result = await request.post(
             ^^^^^^^^^^^^^^^^^^^
    ...<6 lines>...
    )
    ^
  File "/home/fedora/telegram_projects/pdf_bot/.venv/lib64/python3.13/site-packages/telegram/request/_baserequest.py", line 198, in post
    result = await self._request_wrapper(
             ^^^^^^^^^^^^^^^^^^^^^^^^^^^^
    ...<7 lines>...
    )
    ^
  File "/home/fedora/telegram_projects/pdf_bot/.venv/lib64/python3.13/site-packages/telegram/request/_baserequest.py", line 305, in _request_wrapper
    code, payload = await self.do_request(
                    ^^^^^^^^^^^^^^^^^^^^^^
    ...<7 lines>...
    )
    ^
  File "/home/fedora/telegram_projects/pdf_bot/.venv/lib64/python3.13/site-packages/telegram/request/_httpxrequest.py", line 303, in do_request
    raise NetworkError(f"httpx.{err.__class__.__name__}: {err}") from err
telegram.error.NetworkError: httpx.ConnectError: [Errno -2] Name or service not known
2025-11-05 02:05:28,570 - telegram.ext.Application - ERROR - No error handlers are registered, logging exception.
Traceback (most recent call last):
  File "/home/fedora/telegram_projects/pdf_bot/.venv/lib64/python3.13/site-packages/httpx/_transports/default.py", line 101, in map_httpcore_exceptions
    yield
  File "/home/fedora/telegram_projects/pdf_bot/.venv/lib64/python3.13/site-packages/httpx/_transports/default.py", line 394, in handle_async_request
    resp = await self._pool.handle_async_request(req)
           ^^^^^^^^^^^^^^^^^^^^^^^^^^^^^^^^^^^^^^^^^^
  File "/home/fedora/telegram_projects/pdf_bot/.venv/lib64/python3.13/site-packages/httpcore/_async/connection_pool.py", line 256, in handle_async_request
    raise exc from None
  File "/home/fedora/telegram_projects/pdf_bot/.venv/lib64/python3.13/site-packages/httpcore/_async/connection_pool.py", line 236, in handle_async_request
    response = await connection.handle_async_request(
               ^^^^^^^^^^^^^^^^^^^^^^^^^^^^^^^^^^^^^^
        pool_request.request
        ^^^^^^^^^^^^^^^^^^^^
    )
    ^
  File "/home/fedora/telegram_projects/pdf_bot/.venv/lib64/python3.13/site-packages/httpcore/_async/connection.py", line 101, in handle_async_request
    raise exc
  File "/home/fedora/telegram_projects/pdf_bot/.venv/lib64/python3.13/site-packages/httpcore/_async/connection.py", line 78, in handle_async_request
    stream = await self._connect(request)
             ^^^^^^^^^^^^^^^^^^^^^^^^^^^^
  File "/home/fedora/telegram_projects/pdf_bot/.venv/lib64/python3.13/site-packages/httpcore/_async/connection.py", line 124, in _connect
    stream = await self._network_backend.connect_tcp(**kwargs)
             ^^^^^^^^^^^^^^^^^^^^^^^^^^^^^^^^^^^^^^^^^^^^^^^^^
  File "/home/fedora/telegram_projects/pdf_bot/.venv/lib64/python3.13/site-packages/httpcore/_backends/auto.py", line 31, in connect_tcp
    return await self._backend.connect_tcp(
           ^^^^^^^^^^^^^^^^^^^^^^^^^^^^^^^^
    ...<5 lines>...
    )
    ^
  File "/home/fedora/telegram_projects/pdf_bot/.venv/lib64/python3.13/site-packages/httpcore/_backends/anyio.py", line 113, in connect_tcp
    with map_exceptions(exc_map):
         ~~~~~~~~~~~~~~^^^^^^^^^
  File "/usr/lib64/python3.13/contextlib.py", line 162, in __exit__
    self.gen.throw(value)
    ~~~~~~~~~~~~~~^^^^^^^
  File "/home/fedora/telegram_projects/pdf_bot/.venv/lib64/python3.13/site-packages/httpcore/_exceptions.py", line 14, in map_exceptions
    raise to_exc(exc) from exc
httpcore.ConnectError: [Errno -2] Name or service not known

The above exception was the direct cause of the following exception:

Traceback (most recent call last):
  File "/home/fedora/telegram_projects/pdf_bot/.venv/lib64/python3.13/site-packages/telegram/request/_httpxrequest.py", line 279, in do_request
    res = await self._client.request(
          ^^^^^^^^^^^^^^^^^^^^^^^^^^^
    ...<6 lines>...
    )
    ^
  File "/home/fedora/telegram_projects/pdf_bot/.venv/lib64/python3.13/site-packages/httpx/_client.py", line 1540, in request
    return await self.send(request, auth=auth, follow_redirects=follow_redirects)
           ^^^^^^^^^^^^^^^^^^^^^^^^^^^^^^^^^^^^^^^^^^^^^^^^^^^^^^^^^^^^^^^^^^^^^^
  File "/home/fedora/telegram_projects/pdf_bot/.venv/lib64/python3.13/site-packages/httpx/_client.py", line 1629, in send
    response = await self._send_handling_auth(
               ^^^^^^^^^^^^^^^^^^^^^^^^^^^^^^^
    ...<4 lines>...
    )
    ^
  File "/home/fedora/telegram_projects/pdf_bot/.venv/lib64/python3.13/site-packages/httpx/_client.py", line 1657, in _send_handling_auth
    response = await self._send_handling_redirects(
               ^^^^^^^^^^^^^^^^^^^^^^^^^^^^^^^^^^^^
    ...<3 lines>...
    )
    ^
  File "/home/fedora/telegram_projects/pdf_bot/.venv/lib64/python3.13/site-packages/httpx/_client.py", line 1694, in _send_handling_redirects
    response = await self._send_single_request(request)
               ^^^^^^^^^^^^^^^^^^^^^^^^^^^^^^^^^^^^^^^^
  File "/home/fedora/telegram_projects/pdf_bot/.venv/lib64/python3.13/site-packages/httpx/_client.py", line 1730, in _send_single_request
    response = await transport.handle_async_request(request)
               ^^^^^^^^^^^^^^^^^^^^^^^^^^^^^^^^^^^^^^^^^^^^^
  File "/home/fedora/telegram_projects/pdf_bot/.venv/lib64/python3.13/site-packages/httpx/_transports/default.py", line 393, in handle_async_request
    with map_httpcore_exceptions():
         ~~~~~~~~~~~~~~~~~~~~~~~^^
  File "/usr/lib64/python3.13/contextlib.py", line 162, in __exit__
    self.gen.throw(value)
    ~~~~~~~~~~~~~~^^^^^^^
  File "/home/fedora/telegram_projects/pdf_bot/.venv/lib64/python3.13/site-packages/httpx/_transports/default.py", line 118, in map_httpcore_exceptions
    raise mapped_exc(message) from exc
httpx.ConnectError: [Errno -2] Name or service not known

The above exception was the direct cause of the following exception:

Traceback (most recent call last):
  File "/home/fedora/telegram_projects/pdf_bot/.venv/lib64/python3.13/site-packages/telegram/ext/_utils/networkloop.py", line 134, in network_retry_loop
    await do_action()
  File "/home/fedora/telegram_projects/pdf_bot/.venv/lib64/python3.13/site-packages/telegram/ext/_utils/networkloop.py", line 127, in do_action
    action_cb_task.result()
    ~~~~~~~~~~~~~~~~~~~~~^^
  File "/home/fedora/telegram_projects/pdf_bot/.venv/lib64/python3.13/site-packages/telegram/ext/_updater.py", line 340, in polling_action_cb
    updates = await self.bot.get_updates(
              ^^^^^^^^^^^^^^^^^^^^^^^^^^^
    ...<3 lines>...
    )
    ^
  File "/home/fedora/telegram_projects/pdf_bot/.venv/lib64/python3.13/site-packages/telegram/ext/_extbot.py", line 676, in get_updates
    updates = await super().get_updates(
              ^^^^^^^^^^^^^^^^^^^^^^^^^^
    ...<9 lines>...
    )
    ^
  File "/home/fedora/telegram_projects/pdf_bot/.venv/lib64/python3.13/site-packages/telegram/_bot.py", line 4780, in get_updates
    await self._post(
    ^^^^^^^^^^^^^^^^^
    ...<7 lines>...
    ),
    ^
  File "/home/fedora/telegram_projects/pdf_bot/.venv/lib64/python3.13/site-packages/telegram/_bot.py", line 703, in _post
    return await self._do_post(
           ^^^^^^^^^^^^^^^^^^^^
    ...<6 lines>...
    )
    ^
  File "/home/fedora/telegram_projects/pdf_bot/.venv/lib64/python3.13/site-packages/telegram/ext/_extbot.py", line 372, in _do_post
    return await super()._do_post(
           ^^^^^^^^^^^^^^^^^^^^^^^
    ...<6 lines>...
    )
    ^
  File "/home/fedora/telegram_projects/pdf_bot/.venv/lib64/python3.13/site-packages/telegram/_bot.py", line 732, in _do_post
    result = await request.post(
             ^^^^^^^^^^^^^^^^^^^
    ...<6 lines>...
    )
    ^
  File "/home/fedora/telegram_projects/pdf_bot/.venv/lib64/python3.13/site-packages/telegram/request/_baserequest.py", line 198, in post
    result = await self._request_wrapper(
             ^^^^^^^^^^^^^^^^^^^^^^^^^^^^
    ...<7 lines>...
    )
    ^
  File "/home/fedora/telegram_projects/pdf_bot/.venv/lib64/python3.13/site-packages/telegram/request/_baserequest.py", line 305, in _request_wrapper
    code, payload = await self.do_request(
                    ^^^^^^^^^^^^^^^^^^^^^^
    ...<7 lines>...
    )
    ^
  File "/home/fedora/telegram_projects/pdf_bot/.venv/lib64/python3.13/site-packages/telegram/request/_httpxrequest.py", line 303, in do_request
    raise NetworkError(f"httpx.{err.__class__.__name__}: {err}") from err
telegram.error.NetworkError: httpx.ConnectError: [Errno -2] Name or service not known
2025-11-05 02:05:30,075 - telegram.ext.Application - ERROR - No error handlers are registered, logging exception.
Traceback (most recent call last):
  File "/home/fedora/telegram_projects/pdf_bot/.venv/lib64/python3.13/site-packages/httpx/_transports/default.py", line 101, in map_httpcore_exceptions
    yield
  File "/home/fedora/telegram_projects/pdf_bot/.venv/lib64/python3.13/site-packages/httpx/_transports/default.py", line 394, in handle_async_request
    resp = await self._pool.handle_async_request(req)
           ^^^^^^^^^^^^^^^^^^^^^^^^^^^^^^^^^^^^^^^^^^
  File "/home/fedora/telegram_projects/pdf_bot/.venv/lib64/python3.13/site-packages/httpcore/_async/connection_pool.py", line 256, in handle_async_request
    raise exc from None
  File "/home/fedora/telegram_projects/pdf_bot/.venv/lib64/python3.13/site-packages/httpcore/_async/connection_pool.py", line 236, in handle_async_request
    response = await connection.handle_async_request(
               ^^^^^^^^^^^^^^^^^^^^^^^^^^^^^^^^^^^^^^
        pool_request.request
        ^^^^^^^^^^^^^^^^^^^^
    )
    ^
  File "/home/fedora/telegram_projects/pdf_bot/.venv/lib64/python3.13/site-packages/httpcore/_async/connection.py", line 101, in handle_async_request
    raise exc
  File "/home/fedora/telegram_projects/pdf_bot/.venv/lib64/python3.13/site-packages/httpcore/_async/connection.py", line 78, in handle_async_request
    stream = await self._connect(request)
             ^^^^^^^^^^^^^^^^^^^^^^^^^^^^
  File "/home/fedora/telegram_projects/pdf_bot/.venv/lib64/python3.13/site-packages/httpcore/_async/connection.py", line 124, in _connect
    stream = await self._network_backend.connect_tcp(**kwargs)
             ^^^^^^^^^^^^^^^^^^^^^^^^^^^^^^^^^^^^^^^^^^^^^^^^^
  File "/home/fedora/telegram_projects/pdf_bot/.venv/lib64/python3.13/site-packages/httpcore/_backends/auto.py", line 31, in connect_tcp
    return await self._backend.connect_tcp(
           ^^^^^^^^^^^^^^^^^^^^^^^^^^^^^^^^
    ...<5 lines>...
    )
    ^
  File "/home/fedora/telegram_projects/pdf_bot/.venv/lib64/python3.13/site-packages/httpcore/_backends/anyio.py", line 113, in connect_tcp
    with map_exceptions(exc_map):
         ~~~~~~~~~~~~~~^^^^^^^^^
  File "/usr/lib64/python3.13/contextlib.py", line 162, in __exit__
    self.gen.throw(value)
    ~~~~~~~~~~~~~~^^^^^^^
  File "/home/fedora/telegram_projects/pdf_bot/.venv/lib64/python3.13/site-packages/httpcore/_exceptions.py", line 14, in map_exceptions
    raise to_exc(exc) from exc
httpcore.ConnectError: [Errno -2] Name or service not known

The above exception was the direct cause of the following exception:

Traceback (most recent call last):
  File "/home/fedora/telegram_projects/pdf_bot/.venv/lib64/python3.13/site-packages/telegram/request/_httpxrequest.py", line 279, in do_request
    res = await self._client.request(
          ^^^^^^^^^^^^^^^^^^^^^^^^^^^
    ...<6 lines>...
    )
    ^
  File "/home/fedora/telegram_projects/pdf_bot/.venv/lib64/python3.13/site-packages/httpx/_client.py", line 1540, in request
    return await self.send(request, auth=auth, follow_redirects=follow_redirects)
           ^^^^^^^^^^^^^^^^^^^^^^^^^^^^^^^^^^^^^^^^^^^^^^^^^^^^^^^^^^^^^^^^^^^^^^
  File "/home/fedora/telegram_projects/pdf_bot/.venv/lib64/python3.13/site-packages/httpx/_client.py", line 1629, in send
    response = await self._send_handling_auth(
               ^^^^^^^^^^^^^^^^^^^^^^^^^^^^^^^
    ...<4 lines>...
    )
    ^
  File "/home/fedora/telegram_projects/pdf_bot/.venv/lib64/python3.13/site-packages/httpx/_client.py", line 1657, in _send_handling_auth
    response = await self._send_handling_redirects(
               ^^^^^^^^^^^^^^^^^^^^^^^^^^^^^^^^^^^^
    ...<3 lines>...
    )
    ^
  File "/home/fedora/telegram_projects/pdf_bot/.venv/lib64/python3.13/site-packages/httpx/_client.py", line 1694, in _send_handling_redirects
    response = await self._send_single_request(request)
               ^^^^^^^^^^^^^^^^^^^^^^^^^^^^^^^^^^^^^^^^
  File "/home/fedora/telegram_projects/pdf_bot/.venv/lib64/python3.13/site-packages/httpx/_client.py", line 1730, in _send_single_request
    response = await transport.handle_async_request(request)
               ^^^^^^^^^^^^^^^^^^^^^^^^^^^^^^^^^^^^^^^^^^^^^
  File "/home/fedora/telegram_projects/pdf_bot/.venv/lib64/python3.13/site-packages/httpx/_transports/default.py", line 393, in handle_async_request
    with map_httpcore_exceptions():
         ~~~~~~~~~~~~~~~~~~~~~~~^^
  File "/usr/lib64/python3.13/contextlib.py", line 162, in __exit__
    self.gen.throw(value)
    ~~~~~~~~~~~~~~^^^^^^^
  File "/home/fedora/telegram_projects/pdf_bot/.venv/lib64/python3.13/site-packages/httpx/_transports/default.py", line 118, in map_httpcore_exceptions
    raise mapped_exc(message) from exc
httpx.ConnectError: [Errno -2] Name or service not known

The above exception was the direct cause of the following exception:

Traceback (most recent call last):
  File "/home/fedora/telegram_projects/pdf_bot/.venv/lib64/python3.13/site-packages/telegram/ext/_utils/networkloop.py", line 134, in network_retry_loop
    await do_action()
  File "/home/fedora/telegram_projects/pdf_bot/.venv/lib64/python3.13/site-packages/telegram/ext/_utils/networkloop.py", line 127, in do_action
    action_cb_task.result()
    ~~~~~~~~~~~~~~~~~~~~~^^
  File "/home/fedora/telegram_projects/pdf_bot/.venv/lib64/python3.13/site-packages/telegram/ext/_updater.py", line 340, in polling_action_cb
    updates = await self.bot.get_updates(
              ^^^^^^^^^^^^^^^^^^^^^^^^^^^
    ...<3 lines>...
    )
    ^
  File "/home/fedora/telegram_projects/pdf_bot/.venv/lib64/python3.13/site-packages/telegram/ext/_extbot.py", line 676, in get_updates
    updates = await super().get_updates(
              ^^^^^^^^^^^^^^^^^^^^^^^^^^
    ...<9 lines>...
    )
    ^
  File "/home/fedora/telegram_projects/pdf_bot/.venv/lib64/python3.13/site-packages/telegram/_bot.py", line 4780, in get_updates
    await self._post(
    ^^^^^^^^^^^^^^^^^
    ...<7 lines>...
    ),
    ^
  File "/home/fedora/telegram_projects/pdf_bot/.venv/lib64/python3.13/site-packages/telegram/_bot.py", line 703, in _post
    return await self._do_post(
           ^^^^^^^^^^^^^^^^^^^^
    ...<6 lines>...
    )
    ^
  File "/home/fedora/telegram_projects/pdf_bot/.venv/lib64/python3.13/site-packages/telegram/ext/_extbot.py", line 372, in _do_post
    return await super()._do_post(
           ^^^^^^^^^^^^^^^^^^^^^^^
    ...<6 lines>...
    )
    ^
  File "/home/fedora/telegram_projects/pdf_bot/.venv/lib64/python3.13/site-packages/telegram/_bot.py", line 732, in _do_post
    result = await request.post(
             ^^^^^^^^^^^^^^^^^^^
    ...<6 lines>...
    )
    ^
  File "/home/fedora/telegram_projects/pdf_bot/.venv/lib64/python3.13/site-packages/telegram/request/_baserequest.py", line 198, in post
    result = await self._request_wrapper(
             ^^^^^^^^^^^^^^^^^^^^^^^^^^^^
    ...<7 lines>...
    )
    ^
  File "/home/fedora/telegram_projects/pdf_bot/.venv/lib64/python3.13/site-packages/telegram/request/_baserequest.py", line 305, in _request_wrapper
    code, payload = await self.do_request(
                    ^^^^^^^^^^^^^^^^^^^^^^
    ...<7 lines>...
    )
    ^
  File "/home/fedora/telegram_projects/pdf_bot/.venv/lib64/python3.13/site-packages/telegram/request/_httpxrequest.py", line 303, in do_request
    raise NetworkError(f"httpx.{err.__class__.__name__}: {err}") from err
telegram.error.NetworkError: httpx.ConnectError: [Errno -2] Name or service not known
2025-11-05 02:05:42,988 - httpx - INFO - HTTP Request: POST https://api.telegram.org/bot8268927761:AAFjsbNY4xlrczSjgWeY5jqeM6yGSjOoook/getUpdates "HTTP/1.1 200 OK"
2025-11-05 02:05:53,174 - httpx - INFO - HTTP Request: POST https://api.telegram.org/bot8268927761:AAFjsbNY4xlrczSjgWeY5jqeM6yGSjOoook/getUpdates "HTTP/1.1 200 OK"
2025-11-05 02:06:03,361 - httpx - INFO - HTTP Request: POST https://api.telegram.org/bot8268927761:AAFjsbNY4xlrczSjgWeY5jqeM6yGSjOoook/getUpdates "HTTP/1.1 200 OK"
2025-11-05 02:06:13,576 - httpx - INFO - HTTP Request: POST https://api.telegram.org/bot8268927761:AAFjsbNY4xlrczSjgWeY5jqeM6yGSjOoook/getUpdates "HTTP/1.1 200 OK"
2025-11-05 02:06:23,767 - httpx - INFO - HTTP Request: POST https://api.telegram.org/bot8268927761:AAFjsbNY4xlrczSjgWeY5jqeM6yGSjOoook/getUpdates "HTTP/1.1 200 OK"
2025-11-05 02:06:33,954 - httpx - INFO - HTTP Request: POST https://api.telegram.org/bot8268927761:AAFjsbNY4xlrczSjgWeY5jqeM6yGSjOoook/getUpdates "HTTP/1.1 200 OK"
2025-11-05 02:06:44,143 - httpx - INFO - HTTP Request: POST https://api.telegram.org/bot8268927761:AAFjsbNY4xlrczSjgWeY5jqeM6yGSjOoook/getUpdates "HTTP/1.1 200 OK"
2025-11-05 02:06:54,333 - httpx - INFO - HTTP Request: POST https://api.telegram.org/bot8268927761:AAFjsbNY4xlrczSjgWeY5jqeM6yGSjOoook/getUpdates "HTTP/1.1 200 OK"
2025-11-05 02:07:04,520 - httpx - INFO - HTTP Request: POST https://api.telegram.org/bot8268927761:AAFjsbNY4xlrczSjgWeY5jqeM6yGSjOoook/getUpdates "HTTP/1.1 200 OK"
2025-11-05 02:07:14,716 - httpx - INFO - HTTP Request: POST https://api.telegram.org/bot8268927761:AAFjsbNY4xlrczSjgWeY5jqeM6yGSjOoook/getUpdates "HTTP/1.1 200 OK"
2025-11-05 02:07:24,916 - httpx - INFO - HTTP Request: POST https://api.telegram.org/bot8268927761:AAFjsbNY4xlrczSjgWeY5jqeM6yGSjOoook/getUpdates "HTTP/1.1 200 OK"
2025-11-05 02:07:35,102 - httpx - INFO - HTTP Request: POST https://api.telegram.org/bot8268927761:AAFjsbNY4xlrczSjgWeY5jqeM6yGSjOoook/getUpdates "HTTP/1.1 200 OK"
2025-11-05 02:07:45,297 - httpx - INFO - HTTP Request: POST https://api.telegram.org/bot8268927761:AAFjsbNY4xlrczSjgWeY5jqeM6yGSjOoook/getUpdates "HTTP/1.1 200 OK"
2025-11-05 02:07:55,490 - httpx - INFO - HTTP Request: POST https://api.telegram.org/bot8268927761:AAFjsbNY4xlrczSjgWeY5jqeM6yGSjOoook/getUpdates "HTTP/1.1 200 OK"
2025-11-05 02:08:05,127 - httpx - INFO - HTTP Request: POST https://api.telegram.org/bot8268927761:AAFjsbNY4xlrczSjgWeY5jqeM6yGSjOoook/getUpdates "HTTP/1.1 200 OK"
2025-11-05 02:08:05,128 - telegram.ext.Application - INFO - Application is stopping. This might take a moment.
2025-11-05 02:08:05,128 - telegram.ext.Application - INFO - Application.stop() complete
2025-11-05 02:08:09,573 - httpx - INFO - HTTP Request: POST https://api.telegram.org/bot8268927761:AAFjsbNY4xlrczSjgWeY5jqeM6yGSjOoook/getMe "HTTP/1.1 200 OK"
2025-11-05 02:08:09,759 - httpx - INFO - HTTP Request: POST https://api.telegram.org/bot8268927761:AAFjsbNY4xlrczSjgWeY5jqeM6yGSjOoook/deleteWebhook "HTTP/1.1 200 OK"
2025-11-05 02:08:09,760 - telegram.ext.Application - INFO - Application started
2025-11-05 02:08:20,582 - httpx - INFO - HTTP Request: POST https://api.telegram.org/bot8268927761:AAFjsbNY4xlrczSjgWeY5jqeM6yGSjOoook/getUpdates "HTTP/1.1 200 OK"
2025-11-05 02:08:30,800 - httpx - INFO - HTTP Request: POST https://api.telegram.org/bot8268927761:AAFjsbNY4xlrczSjgWeY5jqeM6yGSjOoook/getUpdates "HTTP/1.1 200 OK"
2025-11-05 02:08:32,157 - httpx - INFO - HTTP Request: POST https://api.telegram.org/bot8268927761:AAFjsbNY4xlrczSjgWeY5jqeM6yGSjOoook/getUpdates "HTTP/1.1 200 OK"
2025-11-05 02:08:33,171 - httpx - INFO - HTTP Request: POST https://api.telegram.org/bot8268927761:AAFjsbNY4xlrczSjgWeY5jqeM6yGSjOoook/sendMessage "HTTP/1.1 200 OK"
2025-11-05 02:08:42,365 - httpx - INFO - HTTP Request: POST https://api.telegram.org/bot8268927761:AAFjsbNY4xlrczSjgWeY5jqeM6yGSjOoook/getUpdates "HTTP/1.1 200 OK"
2025-11-05 02:08:45,526 - httpx - INFO - HTTP Request: POST https://api.telegram.org/bot8268927761:AAFjsbNY4xlrczSjgWeY5jqeM6yGSjOoook/getUpdates "HTTP/1.1 200 OK"
2025-11-05 02:08:46,602 - httpx - INFO - HTTP Request: POST https://api.telegram.org/bot8268927761:AAFjsbNY4xlrczSjgWeY5jqeM6yGSjOoook/sendMessage "HTTP/1.1 200 OK"
2025-11-05 02:08:50,652 - httpx - INFO - HTTP Request: POST https://api.telegram.org/bot8268927761:AAFjsbNY4xlrczSjgWeY5jqeM6yGSjOoook/getUpdates "HTTP/1.1 200 OK"
2025-11-05 02:08:51,026 - httpx - INFO - HTTP Request: POST https://api.telegram.org/bot8268927761:AAFjsbNY4xlrczSjgWeY5jqeM6yGSjOoook/sendMessage "HTTP/1.1 200 OK"
2025-11-05 02:08:51,400 - httpx - INFO - HTTP Request: POST https://api.telegram.org/bot8268927761:AAFjsbNY4xlrczSjgWeY5jqeM6yGSjOoook/sendMessage "HTTP/1.1 200 OK"
2025-11-05 02:08:51,775 - httpx - INFO - HTTP Request: POST https://api.telegram.org/bot8268927761:AAFjsbNY4xlrczSjgWeY5jqeM6yGSjOoook/sendMessage "HTTP/1.1 200 OK"
2025-11-05 02:08:52,158 - httpx - INFO - HTTP Request: POST https://api.telegram.org/bot8268927761:AAFjsbNY4xlrczSjgWeY5jqeM6yGSjOoook/sendMessage "HTTP/1.1 200 OK"
2025-11-05 02:08:52,535 - httpx - INFO - HTTP Request: POST https://api.telegram.org/bot8268927761:AAFjsbNY4xlrczSjgWeY5jqeM6yGSjOoook/sendMessage "HTTP/1.1 200 OK"
2025-11-05 02:09:00,847 - httpx - INFO - HTTP Request: POST https://api.telegram.org/bot8268927761:AAFjsbNY4xlrczSjgWeY5jqeM6yGSjOoook/getUpdates "HTTP/1.1 200 OK"
2025-11-05 02:09:03,072 - httpx - INFO - HTTP Request: POST https://api.telegram.org/bot8268927761:AAFjsbNY4xlrczSjgWeY5jqeM6yGSjOoook/getUpdates "HTTP/1.1 200 OK"
2025-11-05 02:09:04,150 - httpx - INFO - HTTP Request: POST https://api.telegram.org/bot8268927761:AAFjsbNY4xlrczSjgWeY5jqeM6yGSjOoook/sendMessage "HTTP/1.1 200 OK"
2025-11-05 02:09:07,970 - httpx - INFO - HTTP Request: POST https://api.telegram.org/bot8268927761:AAFjsbNY4xlrczSjgWeY5jqeM6yGSjOoook/getUpdates "HTTP/1.1 200 OK"
2025-11-05 02:09:08,157 - httpx - INFO - HTTP Request: POST https://api.telegram.org/bot8268927761:AAFjsbNY4xlrczSjgWeY5jqeM6yGSjOoook/getFile "HTTP/1.1 200 OK"
2025-11-05 02:09:08,578 - httpx - INFO - HTTP Request: GET https://api.telegram.org/file/bot8268927761%3AAAFjsbNY4xlrczSjgWeY5jqeM6yGSjOoook/photos/file_58.jpg "HTTP/1.1 200 OK"
2025-11-05 02:09:09,372 - httpx - INFO - HTTP Request: POST https://api.telegram.org/bot8268927761:AAFjsbNY4xlrczSjgWeY5jqeM6yGSjOoook/sendMessage "HTTP/1.1 200 OK"
2025-11-05 02:09:09,559 - httpx - INFO - HTTP Request: POST https://api.telegram.org/bot8268927761:AAFjsbNY4xlrczSjgWeY5jqeM6yGSjOoook/getFile "HTTP/1.1 200 OK"
2025-11-05 02:09:09,768 - httpx - INFO - HTTP Request: GET https://api.telegram.org/file/bot8268927761%3AAAFjsbNY4xlrczSjgWeY5jqeM6yGSjOoook/photos/file_57.jpg "HTTP/1.1 200 OK"
2025-11-05 02:09:10,164 - httpx - INFO - HTTP Request: POST https://api.telegram.org/bot8268927761:AAFjsbNY4xlrczSjgWeY5jqeM6yGSjOoook/sendMessage "HTTP/1.1 200 OK"
2025-11-05 02:09:10,347 - httpx - INFO - HTTP Request: POST https://api.telegram.org/bot8268927761:AAFjsbNY4xlrczSjgWeY5jqeM6yGSjOoook/getFile "HTTP/1.1 200 OK"
2025-11-05 02:09:10,554 - httpx - INFO - HTTP Request: GET https://api.telegram.org/file/bot8268927761%3AAAFjsbNY4xlrczSjgWeY5jqeM6yGSjOoook/photos/file_56.jpg "HTTP/1.1 200 OK"
2025-11-05 02:09:10,936 - httpx - INFO - HTTP Request: POST https://api.telegram.org/bot8268927761:AAFjsbNY4xlrczSjgWeY5jqeM6yGSjOoook/sendMessage "HTTP/1.1 200 OK"
2025-11-05 02:09:11,118 - httpx - INFO - HTTP Request: POST https://api.telegram.org/bot8268927761:AAFjsbNY4xlrczSjgWeY5jqeM6yGSjOoook/getFile "HTTP/1.1 200 OK"
2025-11-05 02:09:11,326 - httpx - INFO - HTTP Request: GET https://api.telegram.org/file/bot8268927761%3AAAFjsbNY4xlrczSjgWeY5jqeM6yGSjOoook/photos/file_55.jpg "HTTP/1.1 200 OK"
2025-11-05 02:09:11,731 - httpx - INFO - HTTP Request: POST https://api.telegram.org/bot8268927761:AAFjsbNY4xlrczSjgWeY5jqeM6yGSjOoook/sendMessage "HTTP/1.1 200 OK"
2025-11-05 02:09:11,917 - httpx - INFO - HTTP Request: POST https://api.telegram.org/bot8268927761:AAFjsbNY4xlrczSjgWeY5jqeM6yGSjOoook/getFile "HTTP/1.1 200 OK"
2025-11-05 02:09:12,138 - httpx - INFO - HTTP Request: GET https://api.telegram.org/file/bot8268927761%3AAAFjsbNY4xlrczSjgWeY5jqeM6yGSjOoook/photos/file_54.jpg "HTTP/1.1 200 OK"
2025-11-05 02:09:12,668 - httpx - INFO - HTTP Request: POST https://api.telegram.org/bot8268927761:AAFjsbNY4xlrczSjgWeY5jqeM6yGSjOoook/sendMessage "HTTP/1.1 200 OK"
2025-11-05 02:09:15,144 - httpx - INFO - HTTP Request: POST https://api.telegram.org/bot8268927761:AAFjsbNY4xlrczSjgWeY5jqeM6yGSjOoook/getUpdates "HTTP/1.1 200 OK"
2025-11-05 02:09:15,522 - httpx - INFO - HTTP Request: POST https://api.telegram.org/bot8268927761:AAFjsbNY4xlrczSjgWeY5jqeM6yGSjOoook/sendMessage "HTTP/1.1 200 OK"
2025-11-05 02:09:17,688 - httpx - INFO - HTTP Request: POST https://api.telegram.org/bot8268927761:AAFjsbNY4xlrczSjgWeY5jqeM6yGSjOoook/sendDocument "HTTP/1.1 200 OK"
2025-11-05 02:09:18,082 - httpx - INFO - HTTP Request: POST https://api.telegram.org/bot8268927761:AAFjsbNY4xlrczSjgWeY5jqeM6yGSjOoook/sendMessage "HTTP/1.1 200 OK"
2025-11-05 02:09:25,338 - httpx - INFO - HTTP Request: POST https://api.telegram.org/bot8268927761:AAFjsbNY4xlrczSjgWeY5jqeM6yGSjOoook/getUpdates "HTTP/1.1 200 OK"
2025-11-05 02:09:35,537 - httpx - INFO - HTTP Request: POST https://api.telegram.org/bot8268927761:AAFjsbNY4xlrczSjgWeY5jqeM6yGSjOoook/getUpdates "HTTP/1.1 200 OK"
2025-11-05 02:09:45,731 - httpx - INFO - HTTP Request: POST https://api.telegram.org/bot8268927761:AAFjsbNY4xlrczSjgWeY5jqeM6yGSjOoook/getUpdates "HTTP/1.1 200 OK"
2025-11-05 02:09:55,921 - httpx - INFO - HTTP Request: POST https://api.telegram.org/bot8268927761:AAFjsbNY4xlrczSjgWeY5jqeM6yGSjOoook/getUpdates "HTTP/1.1 200 OK"
2025-11-05 02:10:05,019 - httpx - INFO - HTTP Request: POST https://api.telegram.org/bot8268927761:AAFjsbNY4xlrczSjgWeY5jqeM6yGSjOoook/getUpdates "HTTP/1.1 200 OK"
2025-11-05 02:10:06,131 - httpx - INFO - HTTP Request: POST https://api.telegram.org/bot8268927761:AAFjsbNY4xlrczSjgWeY5jqeM6yGSjOoook/sendMessage "HTTP/1.1 200 OK"
2025-11-05 02:10:09,457 - httpx - INFO - HTTP Request: POST https://api.telegram.org/bot8268927761:AAFjsbNY4xlrczSjgWeY5jqeM6yGSjOoook/getUpdates "HTTP/1.1 200 OK"
2025-11-05 02:10:09,869 - httpx - INFO - HTTP Request: POST https://api.telegram.org/bot8268927761:AAFjsbNY4xlrczSjgWeY5jqeM6yGSjOoook/sendMessage "HTTP/1.1 200 OK"
2025-11-05 02:10:16,793 - httpx - INFO - HTTP Request: POST https://api.telegram.org/bot8268927761:AAFjsbNY4xlrczSjgWeY5jqeM6yGSjOoook/getUpdates "HTTP/1.1 200 OK"
2025-11-05 02:10:17,589 - httpx - INFO - HTTP Request: POST https://api.telegram.org/bot8268927761:AAFjsbNY4xlrczSjgWeY5jqeM6yGSjOoook/getFile "HTTP/1.1 200 OK"
2025-11-05 02:10:17,972 - httpx - INFO - HTTP Request: GET https://api.telegram.org/file/bot8268927761%3AAAFjsbNY4xlrczSjgWeY5jqeM6yGSjOoook/photos/file_60.jpg "HTTP/1.1 200 OK"
2025-11-05 02:10:18,820 - httpx - INFO - HTTP Request: POST https://api.telegram.org/bot8268927761:AAFjsbNY4xlrczSjgWeY5jqeM6yGSjOoook/sendMessage "HTTP/1.1 200 OK"
2025-11-05 02:10:19,002 - httpx - INFO - HTTP Request: POST https://api.telegram.org/bot8268927761:AAFjsbNY4xlrczSjgWeY5jqeM6yGSjOoook/getFile "HTTP/1.1 200 OK"
2025-11-05 02:10:19,232 - httpx - INFO - HTTP Request: GET https://api.telegram.org/file/bot8268927761%3AAAFjsbNY4xlrczSjgWeY5jqeM6yGSjOoook/photos/file_59.jpg "HTTP/1.1 200 OK"
2025-11-05 02:10:19,813 - httpx - INFO - HTTP Request: POST https://api.telegram.org/bot8268927761:AAFjsbNY4xlrczSjgWeY5jqeM6yGSjOoook/sendMessage "HTTP/1.1 200 OK"
2025-11-05 02:10:19,990 - httpx - INFO - HTTP Request: POST https://api.telegram.org/bot8268927761:AAFjsbNY4xlrczSjgWeY5jqeM6yGSjOoook/getFile "HTTP/1.1 200 OK"
2025-11-05 02:10:20,168 - httpx - INFO - HTTP Request: GET https://api.telegram.org/file/bot8268927761%3AAAFjsbNY4xlrczSjgWeY5jqeM6yGSjOoook/photos/file_56.jpg "HTTP/1.1 200 OK"
2025-11-05 02:10:20,570 - httpx - INFO - HTTP Request: POST https://api.telegram.org/bot8268927761:AAFjsbNY4xlrczSjgWeY5jqeM6yGSjOoook/sendMessage "HTTP/1.1 200 OK"
2025-11-05 02:10:20,747 - httpx - INFO - HTTP Request: POST https://api.telegram.org/bot8268927761:AAFjsbNY4xlrczSjgWeY5jqeM6yGSjOoook/getFile "HTTP/1.1 200 OK"
2025-11-05 02:10:20,939 - httpx - INFO - HTTP Request: GET https://api.telegram.org/file/bot8268927761%3AAAFjsbNY4xlrczSjgWeY5jqeM6yGSjOoook/photos/file_57.jpg "HTTP/1.1 200 OK"
2025-11-05 02:10:21,343 - httpx - INFO - HTTP Request: POST https://api.telegram.org/bot8268927761:AAFjsbNY4xlrczSjgWeY5jqeM6yGSjOoook/sendMessage "HTTP/1.1 200 OK"
2025-11-05 02:10:21,540 - httpx - INFO - HTTP Request: POST https://api.telegram.org/bot8268927761:AAFjsbNY4xlrczSjgWeY5jqeM6yGSjOoook/getFile "HTTP/1.1 200 OK"
2025-11-05 02:10:21,720 - httpx - INFO - HTTP Request: GET https://api.telegram.org/file/bot8268927761%3AAAFjsbNY4xlrczSjgWeY5jqeM6yGSjOoook/photos/file_58.jpg "HTTP/1.1 200 OK"
2025-11-05 02:10:22,310 - httpx - INFO - HTTP Request: POST https://api.telegram.org/bot8268927761:AAFjsbNY4xlrczSjgWeY5jqeM6yGSjOoook/sendMessage "HTTP/1.1 200 OK"
2025-11-05 02:10:22,708 - httpx - INFO - HTTP Request: POST https://api.telegram.org/bot8268927761:AAFjsbNY4xlrczSjgWeY5jqeM6yGSjOoook/getFile "HTTP/1.1 200 OK"
2025-11-05 02:10:22,888 - httpx - INFO - HTTP Request: GET https://api.telegram.org/file/bot8268927761%3AAAFjsbNY4xlrczSjgWeY5jqeM6yGSjOoook/photos/file_55.jpg "HTTP/1.1 200 OK"
2025-11-05 02:10:23,493 - httpx - INFO - HTTP Request: POST https://api.telegram.org/bot8268927761:AAFjsbNY4xlrczSjgWeY5jqeM6yGSjOoook/sendMessage "HTTP/1.1 200 OK"
2025-11-05 02:10:23,670 - httpx - INFO - HTTP Request: POST https://api.telegram.org/bot8268927761:AAFjsbNY4xlrczSjgWeY5jqeM6yGSjOoook/getFile "HTTP/1.1 200 OK"
2025-11-05 02:10:23,849 - httpx - INFO - HTTP Request: GET https://api.telegram.org/file/bot8268927761%3AAAFjsbNY4xlrczSjgWeY5jqeM6yGSjOoook/photos/file_54.jpg "HTTP/1.1 200 OK"
2025-11-05 02:10:24,420 - httpx - INFO - HTTP Request: POST https://api.telegram.org/bot8268927761:AAFjsbNY4xlrczSjgWeY5jqeM6yGSjOoook/sendMessage "HTTP/1.1 200 OK"
2025-11-05 02:10:26,995 - httpx - INFO - HTTP Request: POST https://api.telegram.org/bot8268927761:AAFjsbNY4xlrczSjgWeY5jqeM6yGSjOoook/getUpdates "HTTP/1.1 200 OK"
2025-11-05 02:10:27,241 - httpx - INFO - HTTP Request: POST https://api.telegram.org/bot8268927761:AAFjsbNY4xlrczSjgWeY5jqeM6yGSjOoook/getUpdates "HTTP/1.1 200 OK"
2025-11-05 02:10:27,634 - httpx - INFO - HTTP Request: POST https://api.telegram.org/bot8268927761:AAFjsbNY4xlrczSjgWeY5jqeM6yGSjOoook/sendMessage "HTTP/1.1 200 OK"
2025-11-05 02:10:34,398 - httpx - INFO - HTTP Request: POST https://api.telegram.org/bot8268927761:AAFjsbNY4xlrczSjgWeY5jqeM6yGSjOoook/sendMessage "HTTP/1.1 200 OK"
2025-11-05 02:10:37,434 - httpx - INFO - HTTP Request: POST https://api.telegram.org/bot8268927761:AAFjsbNY4xlrczSjgWeY5jqeM6yGSjOoook/getUpdates "HTTP/1.1 200 OK"
2025-11-05 02:10:47,685 - httpx - INFO - HTTP Request: POST https://api.telegram.org/bot8268927761:AAFjsbNY4xlrczSjgWeY5jqeM6yGSjOoook/getUpdates "HTTP/1.1 200 OK"
2025-11-05 02:10:57,907 - httpx - INFO - HTTP Request: POST https://api.telegram.org/bot8268927761:AAFjsbNY4xlrczSjgWeY5jqeM6yGSjOoook/getUpdates "HTTP/1.1 200 OK"
2025-11-05 02:11:08,097 - httpx - INFO - HTTP Request: POST https://api.telegram.org/bot8268927761:AAFjsbNY4xlrczSjgWeY5jqeM6yGSjOoook/getUpdates "HTTP/1.1 200 OK"
2025-11-05 02:11:18,288 - httpx - INFO - HTTP Request: POST https://api.telegram.org/bot8268927761:AAFjsbNY4xlrczSjgWeY5jqeM6yGSjOoook/getUpdates "HTTP/1.1 200 OK"
2025-11-05 02:11:28,481 - httpx - INFO - HTTP Request: POST https://api.telegram.org/bot8268927761:AAFjsbNY4xlrczSjgWeY5jqeM6yGSjOoook/getUpdates "HTTP/1.1 200 OK"
2025-11-05 02:11:38,671 - httpx - INFO - HTTP Request: POST https://api.telegram.org/bot8268927761:AAFjsbNY4xlrczSjgWeY5jqeM6yGSjOoook/getUpdates "HTTP/1.1 200 OK"
2025-11-05 02:11:48,861 - httpx - INFO - HTTP Request: POST https://api.telegram.org/bot8268927761:AAFjsbNY4xlrczSjgWeY5jqeM6yGSjOoook/getUpdates "HTTP/1.1 200 OK"
2025-11-05 02:11:59,050 - httpx - INFO - HTTP Request: POST https://api.telegram.org/bot8268927761:AAFjsbNY4xlrczSjgWeY5jqeM6yGSjOoook/getUpdates "HTTP/1.1 200 OK"
2025-11-05 02:12:09,242 - httpx - INFO - HTTP Request: POST https://api.telegram.org/bot8268927761:AAFjsbNY4xlrczSjgWeY5jqeM6yGSjOoook/getUpdates "HTTP/1.1 200 OK"
2025-11-05 02:12:19,433 - httpx - INFO - HTTP Request: POST https://api.telegram.org/bot8268927761:AAFjsbNY4xlrczSjgWeY5jqeM6yGSjOoook/getUpdates "HTTP/1.1 200 OK"
2025-11-05 02:12:29,634 - httpx - INFO - HTTP Request: POST https://api.telegram.org/bot8268927761:AAFjsbNY4xlrczSjgWeY5jqeM6yGSjOoook/getUpdates "HTTP/1.1 200 OK"
2025-11-05 02:12:39,826 - httpx - INFO - HTTP Request: POST https://api.telegram.org/bot8268927761:AAFjsbNY4xlrczSjgWeY5jqeM6yGSjOoook/getUpdates "HTTP/1.1 200 OK"
2025-11-05 02:12:50,019 - httpx - INFO - HTTP Request: POST https://api.telegram.org/bot8268927761:AAFjsbNY4xlrczSjgWeY5jqeM6yGSjOoook/getUpdates "HTTP/1.1 200 OK"
2025-11-05 02:13:00,210 - httpx - INFO - HTTP Request: POST https://api.telegram.org/bot8268927761:AAFjsbNY4xlrczSjgWeY5jqeM6yGSjOoook/getUpdates "HTTP/1.1 200 OK"
2025-11-05 02:13:10,402 - httpx - INFO - HTTP Request: POST https://api.telegram.org/bot8268927761:AAFjsbNY4xlrczSjgWeY5jqeM6yGSjOoook/getUpdates "HTTP/1.1 200 OK"
2025-11-05 02:13:20,598 - httpx - INFO - HTTP Request: POST https://api.telegram.org/bot8268927761:AAFjsbNY4xlrczSjgWeY5jqeM6yGSjOoook/getUpdates "HTTP/1.1 200 OK"
2025-11-05 02:13:30,791 - httpx - INFO - HTTP Request: POST https://api.telegram.org/bot8268927761:AAFjsbNY4xlrczSjgWeY5jqeM6yGSjOoook/getUpdates "HTTP/1.1 200 OK"
2025-11-05 02:13:40,985 - httpx - INFO - HTTP Request: POST https://api.telegram.org/bot8268927761:AAFjsbNY4xlrczSjgWeY5jqeM6yGSjOoook/getUpdates "HTTP/1.1 200 OK"
2025-11-05 02:13:51,177 - httpx - INFO - HTTP Request: POST https://api.telegram.org/bot8268927761:AAFjsbNY4xlrczSjgWeY5jqeM6yGSjOoook/getUpdates "HTTP/1.1 200 OK"
2025-11-05 02:14:01,438 - httpx - INFO - HTTP Request: POST https://api.telegram.org/bot8268927761:AAFjsbNY4xlrczSjgWeY5jqeM6yGSjOoook/getUpdates "HTTP/1.1 200 OK"
2025-11-05 02:14:11,629 - httpx - INFO - HTTP Request: POST https://api.telegram.org/bot8268927761:AAFjsbNY4xlrczSjgWeY5jqeM6yGSjOoook/getUpdates "HTTP/1.1 200 OK"
2025-11-05 02:14:21,840 - httpx - INFO - HTTP Request: POST https://api.telegram.org/bot8268927761:AAFjsbNY4xlrczSjgWeY5jqeM6yGSjOoook/getUpdates "HTTP/1.1 200 OK"
2025-11-05 02:14:32,035 - httpx - INFO - HTTP Request: POST https://api.telegram.org/bot8268927761:AAFjsbNY4xlrczSjgWeY5jqeM6yGSjOoook/getUpdates "HTTP/1.1 200 OK"
2025-11-05 02:14:42,227 - httpx - INFO - HTTP Request: POST https://api.telegram.org/bot8268927761:AAFjsbNY4xlrczSjgWeY5jqeM6yGSjOoook/getUpdates "HTTP/1.1 200 OK"
2025-11-05 02:14:52,487 - httpx - INFO - HTTP Request: POST https://api.telegram.org/bot8268927761:AAFjsbNY4xlrczSjgWeY5jqeM6yGSjOoook/getUpdates "HTTP/1.1 200 OK"
2025-11-05 02:15:02,740 - httpx - INFO - HTTP Request: POST https://api.telegram.org/bot8268927761:AAFjsbNY4xlrczSjgWeY5jqeM6yGSjOoook/getUpdates "HTTP/1.1 200 OK"
2025-11-05 02:15:12,946 - httpx - INFO - HTTP Request: POST https://api.telegram.org/bot8268927761:AAFjsbNY4xlrczSjgWeY5jqeM6yGSjOoook/getUpdates "HTTP/1.1 200 OK"
2025-11-05 02:15:23,137 - httpx - INFO - HTTP Request: POST https://api.telegram.org/bot8268927761:AAFjsbNY4xlrczSjgWeY5jqeM6yGSjOoook/getUpdates "HTTP/1.1 200 OK"
2025-11-05 02:15:33,328 - httpx - INFO - HTTP Request: POST https://api.telegram.org/bot8268927761:AAFjsbNY4xlrczSjgWeY5jqeM6yGSjOoook/getUpdates "HTTP/1.1 200 OK"
2025-11-05 02:15:43,521 - httpx - INFO - HTTP Request: POST https://api.telegram.org/bot8268927761:AAFjsbNY4xlrczSjgWeY5jqeM6yGSjOoook/getUpdates "HTTP/1.1 200 OK"
2025-11-05 02:15:53,717 - httpx - INFO - HTTP Request: POST https://api.telegram.org/bot8268927761:AAFjsbNY4xlrczSjgWeY5jqeM6yGSjOoook/getUpdates "HTTP/1.1 200 OK"
2025-11-05 02:16:03,911 - httpx - INFO - HTTP Request: POST https://api.telegram.org/bot8268927761:AAFjsbNY4xlrczSjgWeY5jqeM6yGSjOoook/getUpdates "HTTP/1.1 200 OK"
2025-11-05 02:16:14,112 - httpx - INFO - HTTP Request: POST https://api.telegram.org/bot8268927761:AAFjsbNY4xlrczSjgWeY5jqeM6yGSjOoook/getUpdates "HTTP/1.1 200 OK"
2025-11-05 02:16:24,304 - httpx - INFO - HTTP Request: POST https://api.telegram.org/bot8268927761:AAFjsbNY4xlrczSjgWeY5jqeM6yGSjOoook/getUpdates "HTTP/1.1 200 OK"
2025-11-05 02:16:34,499 - httpx - INFO - HTTP Request: POST https://api.telegram.org/bot8268927761:AAFjsbNY4xlrczSjgWeY5jqeM6yGSjOoook/getUpdates "HTTP/1.1 200 OK"
2025-11-05 02:16:44,704 - httpx - INFO - HTTP Request: POST https://api.telegram.org/bot8268927761:AAFjsbNY4xlrczSjgWeY5jqeM6yGSjOoook/getUpdates "HTTP/1.1 200 OK"
2025-11-05 02:16:54,920 - httpx - INFO - HTTP Request: POST https://api.telegram.org/bot8268927761:AAFjsbNY4xlrczSjgWeY5jqeM6yGSjOoook/getUpdates "HTTP/1.1 200 OK"
2025-11-05 02:17:05,146 - httpx - INFO - HTTP Request: POST https://api.telegram.org/bot8268927761:AAFjsbNY4xlrczSjgWeY5jqeM6yGSjOoook/getUpdates "HTTP/1.1 200 OK"
2025-11-05 02:17:15,401 - httpx - INFO - HTTP Request: POST https://api.telegram.org/bot8268927761:AAFjsbNY4xlrczSjgWeY5jqeM6yGSjOoook/getUpdates "HTTP/1.1 200 OK"
2025-11-05 02:17:25,594 - httpx - INFO - HTTP Request: POST https://api.telegram.org/bot8268927761:AAFjsbNY4xlrczSjgWeY5jqeM6yGSjOoook/getUpdates "HTTP/1.1 200 OK"
2025-11-05 02:17:35,794 - httpx - INFO - HTTP Request: POST https://api.telegram.org/bot8268927761:AAFjsbNY4xlrczSjgWeY5jqeM6yGSjOoook/getUpdates "HTTP/1.1 200 OK"
2025-11-05 02:17:45,988 - httpx - INFO - HTTP Request: POST https://api.telegram.org/bot8268927761:AAFjsbNY4xlrczSjgWeY5jqeM6yGSjOoook/getUpdates "HTTP/1.1 200 OK"
2025-11-05 02:17:56,183 - httpx - INFO - HTTP Request: POST https://api.telegram.org/bot8268927761:AAFjsbNY4xlrczSjgWeY5jqeM6yGSjOoook/getUpdates "HTTP/1.1 200 OK"
2025-11-05 02:18:06,373 - httpx - INFO - HTTP Request: POST https://api.telegram.org/bot8268927761:AAFjsbNY4xlrczSjgWeY5jqeM6yGSjOoook/getUpdates "HTTP/1.1 200 OK"
2025-11-05 02:18:16,580 - httpx - INFO - HTTP Request: POST https://api.telegram.org/bot8268927761:AAFjsbNY4xlrczSjgWeY5jqeM6yGSjOoook/getUpdates "HTTP/1.1 200 OK"
2025-11-05 02:18:26,813 - httpx - INFO - HTTP Request: POST https://api.telegram.org/bot8268927761:AAFjsbNY4xlrczSjgWeY5jqeM6yGSjOoook/getUpdates "HTTP/1.1 200 OK"
2025-11-05 02:18:37,006 - httpx - INFO - HTTP Request: POST https://api.telegram.org/bot8268927761:AAFjsbNY4xlrczSjgWeY5jqeM6yGSjOoook/getUpdates "HTTP/1.1 200 OK"
2025-11-05 02:18:47,202 - httpx - INFO - HTTP Request: POST https://api.telegram.org/bot8268927761:AAFjsbNY4xlrczSjgWeY5jqeM6yGSjOoook/getUpdates "HTTP/1.1 200 OK"
2025-11-05 02:18:57,395 - httpx - INFO - HTTP Request: POST https://api.telegram.org/bot8268927761:AAFjsbNY4xlrczSjgWeY5jqeM6yGSjOoook/getUpdates "HTTP/1.1 200 OK"
2025-11-05 02:19:07,604 - httpx - INFO - HTTP Request: POST https://api.telegram.org/bot8268927761:AAFjsbNY4xlrczSjgWeY5jqeM6yGSjOoook/getUpdates "HTTP/1.1 200 OK"
2025-11-05 02:19:17,795 - httpx - INFO - HTTP Request: POST https://api.telegram.org/bot8268927761:AAFjsbNY4xlrczSjgWeY5jqeM6yGSjOoook/getUpdates "HTTP/1.1 200 OK"
2025-11-05 02:19:27,986 - httpx - INFO - HTTP Request: POST https://api.telegram.org/bot8268927761:AAFjsbNY4xlrczSjgWeY5jqeM6yGSjOoook/getUpdates "HTTP/1.1 200 OK"
2025-11-05 02:19:38,190 - httpx - INFO - HTTP Request: POST https://api.telegram.org/bot8268927761:AAFjsbNY4xlrczSjgWeY5jqeM6yGSjOoook/getUpdates "HTTP/1.1 200 OK"
2025-11-05 02:19:48,400 - httpx - INFO - HTTP Request: POST https://api.telegram.org/bot8268927761:AAFjsbNY4xlrczSjgWeY5jqeM6yGSjOoook/getUpdates "HTTP/1.1 200 OK"
2025-11-05 02:19:58,589 - httpx - INFO - HTTP Request: POST https://api.telegram.org/bot8268927761:AAFjsbNY4xlrczSjgWeY5jqeM6yGSjOoook/getUpdates "HTTP/1.1 200 OK"
2025-11-05 02:20:08,800 - httpx - INFO - HTTP Request: POST https://api.telegram.org/bot8268927761:AAFjsbNY4xlrczSjgWeY5jqeM6yGSjOoook/getUpdates "HTTP/1.1 200 OK"
2025-11-05 02:20:18,992 - httpx - INFO - HTTP Request: POST https://api.telegram.org/bot8268927761:AAFjsbNY4xlrczSjgWeY5jqeM6yGSjOoook/getUpdates "HTTP/1.1 200 OK"
2025-11-05 02:20:29,209 - httpx - INFO - HTTP Request: POST https://api.telegram.org/bot8268927761:AAFjsbNY4xlrczSjgWeY5jqeM6yGSjOoook/getUpdates "HTTP/1.1 200 OK"
2025-11-05 02:20:39,402 - httpx - INFO - HTTP Request: POST https://api.telegram.org/bot8268927761:AAFjsbNY4xlrczSjgWeY5jqeM6yGSjOoook/getUpdates "HTTP/1.1 200 OK"
2025-11-05 02:20:49,593 - httpx - INFO - HTTP Request: POST https://api.telegram.org/bot8268927761:AAFjsbNY4xlrczSjgWeY5jqeM6yGSjOoook/getUpdates "HTTP/1.1 200 OK"
2025-11-05 02:20:59,794 - httpx - INFO - HTTP Request: POST https://api.telegram.org/bot8268927761:AAFjsbNY4xlrczSjgWeY5jqeM6yGSjOoook/getUpdates "HTTP/1.1 200 OK"
2025-11-05 02:21:09,987 - httpx - INFO - HTTP Request: POST https://api.telegram.org/bot8268927761:AAFjsbNY4xlrczSjgWeY5jqeM6yGSjOoook/getUpdates "HTTP/1.1 200 OK"
2025-11-05 02:21:20,177 - httpx - INFO - HTTP Request: POST https://api.telegram.org/bot8268927761:AAFjsbNY4xlrczSjgWeY5jqeM6yGSjOoook/getUpdates "HTTP/1.1 200 OK"
2025-11-05 02:21:30,373 - httpx - INFO - HTTP Request: POST https://api.telegram.org/bot8268927761:AAFjsbNY4xlrczSjgWeY5jqeM6yGSjOoook/getUpdates "HTTP/1.1 200 OK"
2025-11-05 02:21:40,565 - httpx - INFO - HTTP Request: POST https://api.telegram.org/bot8268927761:AAFjsbNY4xlrczSjgWeY5jqeM6yGSjOoook/getUpdates "HTTP/1.1 200 OK"
2025-11-05 02:21:50,764 - httpx - INFO - HTTP Request: POST https://api.telegram.org/bot8268927761:AAFjsbNY4xlrczSjgWeY5jqeM6yGSjOoook/getUpdates "HTTP/1.1 200 OK"
2025-11-05 02:22:00,957 - httpx - INFO - HTTP Request: POST https://api.telegram.org/bot8268927761:AAFjsbNY4xlrczSjgWeY5jqeM6yGSjOoook/getUpdates "HTTP/1.1 200 OK"
2025-11-05 02:22:11,151 - httpx - INFO - HTTP Request: POST https://api.telegram.org/bot8268927761:AAFjsbNY4xlrczSjgWeY5jqeM6yGSjOoook/getUpdates "HTTP/1.1 200 OK"
2025-11-05 02:22:21,356 - httpx - INFO - HTTP Request: POST https://api.telegram.org/bot8268927761:AAFjsbNY4xlrczSjgWeY5jqeM6yGSjOoook/getUpdates "HTTP/1.1 200 OK"
2025-11-05 02:22:31,596 - httpx - INFO - HTTP Request: POST https://api.telegram.org/bot8268927761:AAFjsbNY4xlrczSjgWeY5jqeM6yGSjOoook/getUpdates "HTTP/1.1 200 OK"
2025-11-05 02:22:41,804 - httpx - INFO - HTTP Request: POST https://api.telegram.org/bot8268927761:AAFjsbNY4xlrczSjgWeY5jqeM6yGSjOoook/getUpdates "HTTP/1.1 200 OK"
2025-11-05 02:22:52,018 - httpx - INFO - HTTP Request: POST https://api.telegram.org/bot8268927761:AAFjsbNY4xlrczSjgWeY5jqeM6yGSjOoook/getUpdates "HTTP/1.1 200 OK"
2025-11-05 02:23:02,210 - httpx - INFO - HTTP Request: POST https://api.telegram.org/bot8268927761:AAFjsbNY4xlrczSjgWeY5jqeM6yGSjOoook/getUpdates "HTTP/1.1 200 OK"
2025-11-05 02:23:12,405 - httpx - INFO - HTTP Request: POST https://api.telegram.org/bot8268927761:AAFjsbNY4xlrczSjgWeY5jqeM6yGSjOoook/getUpdates "HTTP/1.1 200 OK"
2025-11-05 02:23:22,660 - httpx - INFO - HTTP Request: POST https://api.telegram.org/bot8268927761:AAFjsbNY4xlrczSjgWeY5jqeM6yGSjOoook/getUpdates "HTTP/1.1 200 OK"
2025-11-05 02:23:32,866 - httpx - INFO - HTTP Request: POST https://api.telegram.org/bot8268927761:AAFjsbNY4xlrczSjgWeY5jqeM6yGSjOoook/getUpdates "HTTP/1.1 200 OK"
2025-11-05 02:23:43,055 - httpx - INFO - HTTP Request: POST https://api.telegram.org/bot8268927761:AAFjsbNY4xlrczSjgWeY5jqeM6yGSjOoook/getUpdates "HTTP/1.1 200 OK"
2025-11-05 02:23:53,249 - httpx - INFO - HTTP Request: POST https://api.telegram.org/bot8268927761:AAFjsbNY4xlrczSjgWeY5jqeM6yGSjOoook/getUpdates "HTTP/1.1 200 OK"
2025-11-05 02:24:03,448 - httpx - INFO - HTTP Request: POST https://api.telegram.org/bot8268927761:AAFjsbNY4xlrczSjgWeY5jqeM6yGSjOoook/getUpdates "HTTP/1.1 200 OK"
2025-11-05 02:24:13,644 - httpx - INFO - HTTP Request: POST https://api.telegram.org/bot8268927761:AAFjsbNY4xlrczSjgWeY5jqeM6yGSjOoook/getUpdates "HTTP/1.1 200 OK"
2025-11-05 02:24:24,675 - httpx - INFO - HTTP Request: POST https://api.telegram.org/bot8268927761:AAFjsbNY4xlrczSjgWeY5jqeM6yGSjOoook/getUpdates "HTTP/1.1 200 OK"
2025-11-05 02:24:34,872 - httpx - INFO - HTTP Request: POST https://api.telegram.org/bot8268927761:AAFjsbNY4xlrczSjgWeY5jqeM6yGSjOoook/getUpdates "HTTP/1.1 200 OK"
2025-11-05 02:24:45,077 - httpx - INFO - HTTP Request: POST https://api.telegram.org/bot8268927761:AAFjsbNY4xlrczSjgWeY5jqeM6yGSjOoook/getUpdates "HTTP/1.1 200 OK"
2025-11-05 02:24:55,264 - httpx - INFO - HTTP Request: POST https://api.telegram.org/bot8268927761:AAFjsbNY4xlrczSjgWeY5jqeM6yGSjOoook/getUpdates "HTTP/1.1 200 OK"
2025-11-05 02:25:05,463 - httpx - INFO - HTTP Request: POST https://api.telegram.org/bot8268927761:AAFjsbNY4xlrczSjgWeY5jqeM6yGSjOoook/getUpdates "HTTP/1.1 200 OK"
2025-11-05 02:25:15,652 - httpx - INFO - HTTP Request: POST https://api.telegram.org/bot8268927761:AAFjsbNY4xlrczSjgWeY5jqeM6yGSjOoook/getUpdates "HTTP/1.1 200 OK"
2025-11-05 02:25:25,850 - httpx - INFO - HTTP Request: POST https://api.telegram.org/bot8268927761:AAFjsbNY4xlrczSjgWeY5jqeM6yGSjOoook/getUpdates "HTTP/1.1 200 OK"
2025-11-05 02:25:36,041 - httpx - INFO - HTTP Request: POST https://api.telegram.org/bot8268927761:AAFjsbNY4xlrczSjgWeY5jqeM6yGSjOoook/getUpdates "HTTP/1.1 200 OK"
2025-11-05 02:25:46,228 - httpx - INFO - HTTP Request: POST https://api.telegram.org/bot8268927761:AAFjsbNY4xlrczSjgWeY5jqeM6yGSjOoook/getUpdates "HTTP/1.1 200 OK"
2025-11-05 02:25:56,445 - httpx - INFO - HTTP Request: POST https://api.telegram.org/bot8268927761:AAFjsbNY4xlrczSjgWeY5jqeM6yGSjOoook/getUpdates "HTTP/1.1 200 OK"
2025-11-05 02:26:06,646 - httpx - INFO - HTTP Request: POST https://api.telegram.org/bot8268927761:AAFjsbNY4xlrczSjgWeY5jqeM6yGSjOoook/getUpdates "HTTP/1.1 200 OK"
2025-11-05 02:26:16,851 - httpx - INFO - HTTP Request: POST https://api.telegram.org/bot8268927761:AAFjsbNY4xlrczSjgWeY5jqeM6yGSjOoook/getUpdates "HTTP/1.1 200 OK"
2025-11-05 02:26:27,040 - httpx - INFO - HTTP Request: POST https://api.telegram.org/bot8268927761:AAFjsbNY4xlrczSjgWeY5jqeM6yGSjOoook/getUpdates "HTTP/1.1 200 OK"
2025-11-05 02:26:37,224 - httpx - INFO - HTTP Request: POST https://api.telegram.org/bot8268927761:AAFjsbNY4xlrczSjgWeY5jqeM6yGSjOoook/getUpdates "HTTP/1.1 200 OK"
2025-11-05 02:26:47,412 - httpx - INFO - HTTP Request: POST https://api.telegram.org/bot8268927761:AAFjsbNY4xlrczSjgWeY5jqeM6yGSjOoook/getUpdates "HTTP/1.1 200 OK"
2025-11-05 02:26:57,599 - httpx - INFO - HTTP Request: POST https://api.telegram.org/bot8268927761:AAFjsbNY4xlrczSjgWeY5jqeM6yGSjOoook/getUpdates "HTTP/1.1 200 OK"
2025-11-05 02:27:07,808 - httpx - INFO - HTTP Request: POST https://api.telegram.org/bot8268927761:AAFjsbNY4xlrczSjgWeY5jqeM6yGSjOoook/getUpdates "HTTP/1.1 200 OK"
2025-11-05 02:27:17,998 - httpx - INFO - HTTP Request: POST https://api.telegram.org/bot8268927761:AAFjsbNY4xlrczSjgWeY5jqeM6yGSjOoook/getUpdates "HTTP/1.1 200 OK"
2025-11-05 02:27:28,186 - httpx - INFO - HTTP Request: POST https://api.telegram.org/bot8268927761:AAFjsbNY4xlrczSjgWeY5jqeM6yGSjOoook/getUpdates "HTTP/1.1 200 OK"
2025-11-05 02:27:38,384 - httpx - INFO - HTTP Request: POST https://api.telegram.org/bot8268927761:AAFjsbNY4xlrczSjgWeY5jqeM6yGSjOoook/getUpdates "HTTP/1.1 200 OK"
2025-11-05 02:27:48,572 - httpx - INFO - HTTP Request: POST https://api.telegram.org/bot8268927761:AAFjsbNY4xlrczSjgWeY5jqeM6yGSjOoook/getUpdates "HTTP/1.1 200 OK"
2025-11-05 02:27:58,764 - httpx - INFO - HTTP Request: POST https://api.telegram.org/bot8268927761:AAFjsbNY4xlrczSjgWeY5jqeM6yGSjOoook/getUpdates "HTTP/1.1 200 OK"
2025-11-05 02:28:08,967 - httpx - INFO - HTTP Request: POST https://api.telegram.org/bot8268927761:AAFjsbNY4xlrczSjgWeY5jqeM6yGSjOoook/getUpdates "HTTP/1.1 200 OK"
2025-11-05 02:28:19,259 - httpx - INFO - HTTP Request: POST https://api.telegram.org/bot8268927761:AAFjsbNY4xlrczSjgWeY5jqeM6yGSjOoook/getUpdates "HTTP/1.1 200 OK"
2025-11-05 02:28:29,446 - httpx - INFO - HTTP Request: POST https://api.telegram.org/bot8268927761:AAFjsbNY4xlrczSjgWeY5jqeM6yGSjOoook/getUpdates "HTTP/1.1 200 OK"
2025-11-05 02:28:39,643 - httpx - INFO - HTTP Request: POST https://api.telegram.org/bot8268927761:AAFjsbNY4xlrczSjgWeY5jqeM6yGSjOoook/getUpdates "HTTP/1.1 200 OK"
2025-11-05 02:28:49,888 - httpx - INFO - HTTP Request: POST https://api.telegram.org/bot8268927761:AAFjsbNY4xlrczSjgWeY5jqeM6yGSjOoook/getUpdates "HTTP/1.1 200 OK"
2025-11-05 02:29:00,080 - httpx - INFO - HTTP Request: POST https://api.telegram.org/bot8268927761:AAFjsbNY4xlrczSjgWeY5jqeM6yGSjOoook/getUpdates "HTTP/1.1 200 OK"
2025-11-05 02:29:10,300 - httpx - INFO - HTTP Request: POST https://api.telegram.org/bot8268927761:AAFjsbNY4xlrczSjgWeY5jqeM6yGSjOoook/getUpdates "HTTP/1.1 200 OK"
2025-11-05 02:29:20,486 - httpx - INFO - HTTP Request: POST https://api.telegram.org/bot8268927761:AAFjsbNY4xlrczSjgWeY5jqeM6yGSjOoook/getUpdates "HTTP/1.1 200 OK"
2025-11-05 02:29:30,805 - httpx - INFO - HTTP Request: POST https://api.telegram.org/bot8268927761:AAFjsbNY4xlrczSjgWeY5jqeM6yGSjOoook/getUpdates "HTTP/1.1 200 OK"
2025-11-05 02:29:41,122 - httpx - INFO - HTTP Request: POST https://api.telegram.org/bot8268927761:AAFjsbNY4xlrczSjgWeY5jqeM6yGSjOoook/getUpdates "HTTP/1.1 200 OK"
2025-11-05 02:29:51,322 - httpx - INFO - HTTP Request: POST https://api.telegram.org/bot8268927761:AAFjsbNY4xlrczSjgWeY5jqeM6yGSjOoook/getUpdates "HTTP/1.1 200 OK"
2025-11-05 02:30:01,511 - httpx - INFO - HTTP Request: POST https://api.telegram.org/bot8268927761:AAFjsbNY4xlrczSjgWeY5jqeM6yGSjOoook/getUpdates "HTTP/1.1 200 OK"
2025-11-05 02:30:11,700 - httpx - INFO - HTTP Request: POST https://api.telegram.org/bot8268927761:AAFjsbNY4xlrczSjgWeY5jqeM6yGSjOoook/getUpdates "HTTP/1.1 200 OK"
2025-11-05 02:30:21,891 - httpx - INFO - HTTP Request: POST https://api.telegram.org/bot8268927761:AAFjsbNY4xlrczSjgWeY5jqeM6yGSjOoook/getUpdates "HTTP/1.1 200 OK"
2025-11-05 02:30:32,077 - httpx - INFO - HTTP Request: POST https://api.telegram.org/bot8268927761:AAFjsbNY4xlrczSjgWeY5jqeM6yGSjOoook/getUpdates "HTTP/1.1 200 OK"
2025-11-05 02:30:42,261 - httpx - INFO - HTTP Request: POST https://api.telegram.org/bot8268927761:AAFjsbNY4xlrczSjgWeY5jqeM6yGSjOoook/getUpdates "HTTP/1.1 200 OK"
2025-11-05 02:30:52,454 - httpx - INFO - HTTP Request: POST https://api.telegram.org/bot8268927761:AAFjsbNY4xlrczSjgWeY5jqeM6yGSjOoook/getUpdates "HTTP/1.1 200 OK"
2025-11-05 02:31:02,645 - httpx - INFO - HTTP Request: POST https://api.telegram.org/bot8268927761:AAFjsbNY4xlrczSjgWeY5jqeM6yGSjOoook/getUpdates "HTTP/1.1 200 OK"
2025-11-05 02:31:12,838 - httpx - INFO - HTTP Request: POST https://api.telegram.org/bot8268927761:AAFjsbNY4xlrczSjgWeY5jqeM6yGSjOoook/getUpdates "HTTP/1.1 200 OK"
2025-11-05 02:31:23,023 - httpx - INFO - HTTP Request: POST https://api.telegram.org/bot8268927761:AAFjsbNY4xlrczSjgWeY5jqeM6yGSjOoook/getUpdates "HTTP/1.1 200 OK"
2025-11-05 02:31:33,213 - httpx - INFO - HTTP Request: POST https://api.telegram.org/bot8268927761:AAFjsbNY4xlrczSjgWeY5jqeM6yGSjOoook/getUpdates "HTTP/1.1 200 OK"
2025-11-05 02:31:43,399 - httpx - INFO - HTTP Request: POST https://api.telegram.org/bot8268927761:AAFjsbNY4xlrczSjgWeY5jqeM6yGSjOoook/getUpdates "HTTP/1.1 200 OK"
2025-11-05 02:31:53,597 - httpx - INFO - HTTP Request: POST https://api.telegram.org/bot8268927761:AAFjsbNY4xlrczSjgWeY5jqeM6yGSjOoook/getUpdates "HTTP/1.1 200 OK"
2025-11-05 02:32:03,795 - httpx - INFO - HTTP Request: POST https://api.telegram.org/bot8268927761:AAFjsbNY4xlrczSjgWeY5jqeM6yGSjOoook/getUpdates "HTTP/1.1 200 OK"
2025-11-05 02:32:13,984 - httpx - INFO - HTTP Request: POST https://api.telegram.org/bot8268927761:AAFjsbNY4xlrczSjgWeY5jqeM6yGSjOoook/getUpdates "HTTP/1.1 200 OK"
2025-11-05 02:32:24,175 - httpx - INFO - HTTP Request: POST https://api.telegram.org/bot8268927761:AAFjsbNY4xlrczSjgWeY5jqeM6yGSjOoook/getUpdates "HTTP/1.1 200 OK"
2025-11-05 02:32:34,359 - httpx - INFO - HTTP Request: POST https://api.telegram.org/bot8268927761:AAFjsbNY4xlrczSjgWeY5jqeM6yGSjOoook/getUpdates "HTTP/1.1 200 OK"
2025-11-05 02:32:44,546 - httpx - INFO - HTTP Request: POST https://api.telegram.org/bot8268927761:AAFjsbNY4xlrczSjgWeY5jqeM6yGSjOoook/getUpdates "HTTP/1.1 200 OK"
2025-11-05 02:32:54,737 - httpx - INFO - HTTP Request: POST https://api.telegram.org/bot8268927761:AAFjsbNY4xlrczSjgWeY5jqeM6yGSjOoook/getUpdates "HTTP/1.1 200 OK"
2025-11-05 02:33:04,926 - httpx - INFO - HTTP Request: POST https://api.telegram.org/bot8268927761:AAFjsbNY4xlrczSjgWeY5jqeM6yGSjOoook/getUpdates "HTTP/1.1 200 OK"
2025-11-05 02:33:15,116 - httpx - INFO - HTTP Request: POST https://api.telegram.org/bot8268927761:AAFjsbNY4xlrczSjgWeY5jqeM6yGSjOoook/getUpdates "HTTP/1.1 200 OK"
2025-11-05 02:33:25,301 - httpx - INFO - HTTP Request: POST https://api.telegram.org/bot8268927761:AAFjsbNY4xlrczSjgWeY5jqeM6yGSjOoook/getUpdates "HTTP/1.1 200 OK"
2025-11-05 02:33:35,507 - httpx - INFO - HTTP Request: POST https://api.telegram.org/bot8268927761:AAFjsbNY4xlrczSjgWeY5jqeM6yGSjOoook/getUpdates "HTTP/1.1 200 OK"
2025-11-05 02:33:45,696 - httpx - INFO - HTTP Request: POST https://api.telegram.org/bot8268927761:AAFjsbNY4xlrczSjgWeY5jqeM6yGSjOoook/getUpdates "HTTP/1.1 200 OK"
2025-11-05 02:33:55,881 - httpx - INFO - HTTP Request: POST https://api.telegram.org/bot8268927761:AAFjsbNY4xlrczSjgWeY5jqeM6yGSjOoook/getUpdates "HTTP/1.1 200 OK"
2025-11-05 02:34:06,072 - httpx - INFO - HTTP Request: POST https://api.telegram.org/bot8268927761:AAFjsbNY4xlrczSjgWeY5jqeM6yGSjOoook/getUpdates "HTTP/1.1 200 OK"
2025-11-05 02:34:16,259 - httpx - INFO - HTTP Request: POST https://api.telegram.org/bot8268927761:AAFjsbNY4xlrczSjgWeY5jqeM6yGSjOoook/getUpdates "HTTP/1.1 200 OK"
2025-11-05 02:34:26,447 - httpx - INFO - HTTP Request: POST https://api.telegram.org/bot8268927761:AAFjsbNY4xlrczSjgWeY5jqeM6yGSjOoook/getUpdates "HTTP/1.1 200 OK"
2025-11-05 02:34:36,632 - httpx - INFO - HTTP Request: POST https://api.telegram.org/bot8268927761:AAFjsbNY4xlrczSjgWeY5jqeM6yGSjOoook/getUpdates "HTTP/1.1 200 OK"
2025-11-05 02:34:46,820 - httpx - INFO - HTTP Request: POST https://api.telegram.org/bot8268927761:AAFjsbNY4xlrczSjgWeY5jqeM6yGSjOoook/getUpdates "HTTP/1.1 200 OK"
2025-11-05 02:34:57,007 - httpx - INFO - HTTP Request: POST https://api.telegram.org/bot8268927761:AAFjsbNY4xlrczSjgWeY5jqeM6yGSjOoook/getUpdates "HTTP/1.1 200 OK"
2025-11-05 02:35:07,193 - httpx - INFO - HTTP Request: POST https://api.telegram.org/bot8268927761:AAFjsbNY4xlrczSjgWeY5jqeM6yGSjOoook/getUpdates "HTTP/1.1 200 OK"
2025-11-05 02:35:17,388 - httpx - INFO - HTTP Request: POST https://api.telegram.org/bot8268927761:AAFjsbNY4xlrczSjgWeY5jqeM6yGSjOoook/getUpdates "HTTP/1.1 200 OK"
2025-11-05 02:35:27,600 - httpx - INFO - HTTP Request: POST https://api.telegram.org/bot8268927761:AAFjsbNY4xlrczSjgWeY5jqeM6yGSjOoook/getUpdates "HTTP/1.1 200 OK"
2025-11-05 02:35:37,794 - httpx - INFO - HTTP Request: POST https://api.telegram.org/bot8268927761:AAFjsbNY4xlrczSjgWeY5jqeM6yGSjOoook/getUpdates "HTTP/1.1 200 OK"
2025-11-05 02:35:47,982 - httpx - INFO - HTTP Request: POST https://api.telegram.org/bot8268927761:AAFjsbNY4xlrczSjgWeY5jqeM6yGSjOoook/getUpdates "HTTP/1.1 200 OK"
2025-11-05 02:35:58,298 - httpx - INFO - HTTP Request: POST https://api.telegram.org/bot8268927761:AAFjsbNY4xlrczSjgWeY5jqeM6yGSjOoook/getUpdates "HTTP/1.1 200 OK"
2025-11-05 02:36:08,581 - httpx - INFO - HTTP Request: POST https://api.telegram.org/bot8268927761:AAFjsbNY4xlrczSjgWeY5jqeM6yGSjOoook/getUpdates "HTTP/1.1 200 OK"
2025-11-05 02:36:18,767 - httpx - INFO - HTTP Request: POST https://api.telegram.org/bot8268927761:AAFjsbNY4xlrczSjgWeY5jqeM6yGSjOoook/getUpdates "HTTP/1.1 200 OK"
2025-11-05 02:36:28,952 - httpx - INFO - HTTP Request: POST https://api.telegram.org/bot8268927761:AAFjsbNY4xlrczSjgWeY5jqeM6yGSjOoook/getUpdates "HTTP/1.1 200 OK"
2025-11-05 02:36:39,155 - httpx - INFO - HTTP Request: POST https://api.telegram.org/bot8268927761:AAFjsbNY4xlrczSjgWeY5jqeM6yGSjOoook/getUpdates "HTTP/1.1 200 OK"
2025-11-05 02:36:49,343 - httpx - INFO - HTTP Request: POST https://api.telegram.org/bot8268927761:AAFjsbNY4xlrczSjgWeY5jqeM6yGSjOoook/getUpdates "HTTP/1.1 200 OK"
2025-11-05 02:36:59,535 - httpx - INFO - HTTP Request: POST https://api.telegram.org/bot8268927761:AAFjsbNY4xlrczSjgWeY5jqeM6yGSjOoook/getUpdates "HTTP/1.1 200 OK"
2025-11-05 02:37:09,724 - httpx - INFO - HTTP Request: POST https://api.telegram.org/bot8268927761:AAFjsbNY4xlrczSjgWeY5jqeM6yGSjOoook/getUpdates "HTTP/1.1 200 OK"
2025-11-05 02:37:19,911 - httpx - INFO - HTTP Request: POST https://api.telegram.org/bot8268927761:AAFjsbNY4xlrczSjgWeY5jqeM6yGSjOoook/getUpdates "HTTP/1.1 200 OK"
2025-11-05 02:37:30,097 - httpx - INFO - HTTP Request: POST https://api.telegram.org/bot8268927761:AAFjsbNY4xlrczSjgWeY5jqeM6yGSjOoook/getUpdates "HTTP/1.1 200 OK"
2025-11-05 02:37:40,287 - httpx - INFO - HTTP Request: POST https://api.telegram.org/bot8268927761:AAFjsbNY4xlrczSjgWeY5jqeM6yGSjOoook/getUpdates "HTTP/1.1 200 OK"
2025-11-05 02:37:50,471 - httpx - INFO - HTTP Request: POST https://api.telegram.org/bot8268927761:AAFjsbNY4xlrczSjgWeY5jqeM6yGSjOoook/getUpdates "HTTP/1.1 200 OK"
2025-11-05 02:38:00,663 - httpx - INFO - HTTP Request: POST https://api.telegram.org/bot8268927761:AAFjsbNY4xlrczSjgWeY5jqeM6yGSjOoook/getUpdates "HTTP/1.1 200 OK"
2025-11-05 02:38:10,853 - httpx - INFO - HTTP Request: POST https://api.telegram.org/bot8268927761:AAFjsbNY4xlrczSjgWeY5jqeM6yGSjOoook/getUpdates "HTTP/1.1 200 OK"
2025-11-05 02:38:21,042 - httpx - INFO - HTTP Request: POST https://api.telegram.org/bot8268927761:AAFjsbNY4xlrczSjgWeY5jqeM6yGSjOoook/getUpdates "HTTP/1.1 200 OK"
2025-11-05 02:38:31,246 - httpx - INFO - HTTP Request: POST https://api.telegram.org/bot8268927761:AAFjsbNY4xlrczSjgWeY5jqeM6yGSjOoook/getUpdates "HTTP/1.1 200 OK"
2025-11-05 02:38:41,430 - httpx - INFO - HTTP Request: POST https://api.telegram.org/bot8268927761:AAFjsbNY4xlrczSjgWeY5jqeM6yGSjOoook/getUpdates "HTTP/1.1 200 OK"
2025-11-05 02:38:51,615 - httpx - INFO - HTTP Request: POST https://api.telegram.org/bot8268927761:AAFjsbNY4xlrczSjgWeY5jqeM6yGSjOoook/getUpdates "HTTP/1.1 200 OK"
2025-11-05 02:39:01,800 - httpx - INFO - HTTP Request: POST https://api.telegram.org/bot8268927761:AAFjsbNY4xlrczSjgWeY5jqeM6yGSjOoook/getUpdates "HTTP/1.1 200 OK"
2025-11-05 02:39:11,988 - httpx - INFO - HTTP Request: POST https://api.telegram.org/bot8268927761:AAFjsbNY4xlrczSjgWeY5jqeM6yGSjOoook/getUpdates "HTTP/1.1 200 OK"
2025-11-05 02:39:22,172 - httpx - INFO - HTTP Request: POST https://api.telegram.org/bot8268927761:AAFjsbNY4xlrczSjgWeY5jqeM6yGSjOoook/getUpdates "HTTP/1.1 200 OK"
2025-11-05 02:39:32,364 - httpx - INFO - HTTP Request: POST https://api.telegram.org/bot8268927761:AAFjsbNY4xlrczSjgWeY5jqeM6yGSjOoook/getUpdates "HTTP/1.1 200 OK"
2025-11-05 02:39:42,555 - httpx - INFO - HTTP Request: POST https://api.telegram.org/bot8268927761:AAFjsbNY4xlrczSjgWeY5jqeM6yGSjOoook/getUpdates "HTTP/1.1 200 OK"
2025-11-05 02:39:52,740 - httpx - INFO - HTTP Request: POST https://api.telegram.org/bot8268927761:AAFjsbNY4xlrczSjgWeY5jqeM6yGSjOoook/getUpdates "HTTP/1.1 200 OK"
2025-11-05 02:40:02,928 - httpx - INFO - HTTP Request: POST https://api.telegram.org/bot8268927761:AAFjsbNY4xlrczSjgWeY5jqeM6yGSjOoook/getUpdates "HTTP/1.1 200 OK"
2025-11-05 02:40:13,116 - httpx - INFO - HTTP Request: POST https://api.telegram.org/bot8268927761:AAFjsbNY4xlrczSjgWeY5jqeM6yGSjOoook/getUpdates "HTTP/1.1 200 OK"
2025-11-05 02:40:23,303 - httpx - INFO - HTTP Request: POST https://api.telegram.org/bot8268927761:AAFjsbNY4xlrczSjgWeY5jqeM6yGSjOoook/getUpdates "HTTP/1.1 200 OK"
2025-11-05 02:40:33,511 - httpx - INFO - HTTP Request: POST https://api.telegram.org/bot8268927761:AAFjsbNY4xlrczSjgWeY5jqeM6yGSjOoook/getUpdates "HTTP/1.1 200 OK"
2025-11-05 02:40:43,701 - httpx - INFO - HTTP Request: POST https://api.telegram.org/bot8268927761:AAFjsbNY4xlrczSjgWeY5jqeM6yGSjOoook/getUpdates "HTTP/1.1 200 OK"
2025-11-05 02:40:53,887 - httpx - INFO - HTTP Request: POST https://api.telegram.org/bot8268927761:AAFjsbNY4xlrczSjgWeY5jqeM6yGSjOoook/getUpdates "HTTP/1.1 200 OK"
2025-11-05 02:41:04,074 - httpx - INFO - HTTP Request: POST https://api.telegram.org/bot8268927761:AAFjsbNY4xlrczSjgWeY5jqeM6yGSjOoook/getUpdates "HTTP/1.1 200 OK"
2025-11-05 02:41:14,263 - httpx - INFO - HTTP Request: POST https://api.telegram.org/bot8268927761:AAFjsbNY4xlrczSjgWeY5jqeM6yGSjOoook/getUpdates "HTTP/1.1 200 OK"
2025-11-05 02:41:25,145 - httpx - INFO - HTTP Request: POST https://api.telegram.org/bot8268927761:AAFjsbNY4xlrczSjgWeY5jqeM6yGSjOoook/getUpdates "HTTP/1.1 200 OK"
2025-11-05 02:41:35,329 - httpx - INFO - HTTP Request: POST https://api.telegram.org/bot8268927761:AAFjsbNY4xlrczSjgWeY5jqeM6yGSjOoook/getUpdates "HTTP/1.1 200 OK"
2025-11-05 02:41:45,515 - httpx - INFO - HTTP Request: POST https://api.telegram.org/bot8268927761:AAFjsbNY4xlrczSjgWeY5jqeM6yGSjOoook/getUpdates "HTTP/1.1 200 OK"
2025-11-05 02:41:55,704 - httpx - INFO - HTTP Request: POST https://api.telegram.org/bot8268927761:AAFjsbNY4xlrczSjgWeY5jqeM6yGSjOoook/getUpdates "HTTP/1.1 200 OK"
2025-11-05 02:42:05,887 - httpx - INFO - HTTP Request: POST https://api.telegram.org/bot8268927761:AAFjsbNY4xlrczSjgWeY5jqeM6yGSjOoook/getUpdates "HTTP/1.1 200 OK"
2025-11-05 02:42:16,069 - httpx - INFO - HTTP Request: POST https://api.telegram.org/bot8268927761:AAFjsbNY4xlrczSjgWeY5jqeM6yGSjOoook/getUpdates "HTTP/1.1 200 OK"
2025-11-05 02:42:26,252 - httpx - INFO - HTTP Request: POST https://api.telegram.org/bot8268927761:AAFjsbNY4xlrczSjgWeY5jqeM6yGSjOoook/getUpdates "HTTP/1.1 200 OK"
2025-11-05 02:42:36,436 - httpx - INFO - HTTP Request: POST https://api.telegram.org/bot8268927761:AAFjsbNY4xlrczSjgWeY5jqeM6yGSjOoook/getUpdates "HTTP/1.1 200 OK"
2025-11-05 02:42:46,620 - httpx - INFO - HTTP Request: POST https://api.telegram.org/bot8268927761:AAFjsbNY4xlrczSjgWeY5jqeM6yGSjOoook/getUpdates "HTTP/1.1 200 OK"
2025-11-05 02:42:56,803 - httpx - INFO - HTTP Request: POST https://api.telegram.org/bot8268927761:AAFjsbNY4xlrczSjgWeY5jqeM6yGSjOoook/getUpdates "HTTP/1.1 200 OK"
2025-11-05 02:43:06,992 - httpx - INFO - HTTP Request: POST https://api.telegram.org/bot8268927761:AAFjsbNY4xlrczSjgWeY5jqeM6yGSjOoook/getUpdates "HTTP/1.1 200 OK"
2025-11-05 02:43:17,176 - httpx - INFO - HTTP Request: POST https://api.telegram.org/bot8268927761:AAFjsbNY4xlrczSjgWeY5jqeM6yGSjOoook/getUpdates "HTTP/1.1 200 OK"
2025-11-05 02:43:27,359 - httpx - INFO - HTTP Request: POST https://api.telegram.org/bot8268927761:AAFjsbNY4xlrczSjgWeY5jqeM6yGSjOoook/getUpdates "HTTP/1.1 200 OK"
2025-11-05 02:43:37,547 - httpx - INFO - HTTP Request: POST https://api.telegram.org/bot8268927761:AAFjsbNY4xlrczSjgWeY5jqeM6yGSjOoook/getUpdates "HTTP/1.1 200 OK"
2025-11-05 02:43:47,730 - httpx - INFO - HTTP Request: POST https://api.telegram.org/bot8268927761:AAFjsbNY4xlrczSjgWeY5jqeM6yGSjOoook/getUpdates "HTTP/1.1 200 OK"
2025-11-05 02:43:57,914 - httpx - INFO - HTTP Request: POST https://api.telegram.org/bot8268927761:AAFjsbNY4xlrczSjgWeY5jqeM6yGSjOoook/getUpdates "HTTP/1.1 200 OK"
2025-11-05 02:44:08,098 - httpx - INFO - HTTP Request: POST https://api.telegram.org/bot8268927761:AAFjsbNY4xlrczSjgWeY5jqeM6yGSjOoook/getUpdates "HTTP/1.1 200 OK"
2025-11-05 02:44:18,281 - httpx - INFO - HTTP Request: POST https://api.telegram.org/bot8268927761:AAFjsbNY4xlrczSjgWeY5jqeM6yGSjOoook/getUpdates "HTTP/1.1 200 OK"
2025-11-05 02:44:28,462 - httpx - INFO - HTTP Request: POST https://api.telegram.org/bot8268927761:AAFjsbNY4xlrczSjgWeY5jqeM6yGSjOoook/getUpdates "HTTP/1.1 200 OK"
